1662
0
29
bed-a 1
hg-a 1
cc-a 1
cd-a 1
bhi-a 1
cg-a 1
bd-a 1
hda-a 1
bc-a 1
bjc-a 1
edc-a 1
bh-a 1
eb-a 1
die-a 1
dd-a 1
g-a 1
f-a 1
e-a 1
j-a 1
d-a 1
c-a 1
b-a 1
bde-a 1
gf-a 1
gc-a 1
bca-a 1
ff-a 1
fe-a 1
fa-a 1
1
2
dab-b 9
ehb-b 2
2
6
bih-c 1
dgj-c 1
dgc-c 1
di-c 1
fcd-c 9
bi-c 1
3
6
cbd-d 1
bjg-d 1
ii-d 5
hcj-d 1
cd-d 1
bcb-d 4
4
3
hic-e 10
cba-e 1
d-e 1
5
7
jcc-f 1
bdjf-f 7
bc-f 1
bda-f 1
e-f 1
jbb-f 2
ff-f 1
6
6
bfg-g 1
iee-g 3
ehc-g 2
bedj-g 1
gic-g 3
eie-g 3
7
16
dc-h 1
di-h 1
i-h 1
a-h 1
f-h 1
e-h 1
d-h 1
bfa-h 1
bcg-h 1
ff-h 1
fb-h 1
faf-h 1
fac-h 1
je-h 1
bjj-h 1
eg-h 1
8
3
gie-i 2
bahi-i 1
geg-i 8
9
4
bi-j 1
fbj-j 9
ce-j 1
heg-j 1
10
2
bdi-ba 5
dhf-ba 5
11
8
cd-bb 1
bee-bb 5
bgf-bb 2
bae-bb 1
bcef-bb 3
bcb-bb 1
bcea-bb 1
gc-bb 1
12
6
daa-bc 2
ddf-bc 1
dgf-bc 5
ccj-bc 1
hbf-bc 3
baid-bc 1
13
3
cjb-bd 1
bejh-bd 5
cch-bd 5
14
4
beai-be 8
babg-be 1
fec-be 1
bbbj-be 2
15
2
hi-bf 9
dh-bf 2
16
7
iag-bg 1
bi-bg 1
baae-bg 1
fib-bg 1
bdii-bg 6
jf-bg 1
gge-bg 2
17
3
bgeh-bh 2
hjd-bh 1
ihi-bh 9
18
5
hej-bi 1
feh-bi 1
babg-bi 5
bc-bi 1
fic-bi 6
19
8
cii-bj 2
bc-bj 2
db-bj 2
bdbf-bj 1
ch-bj 1
dg-bj 1
hcj-bj 1
dhf-bj 3
20
4
bai-ca 1
cd-ca 1
gjh-ca 8
dfg-ca 1
21
3
dcc-cb 3
edb-cb 5
did-cb 3
22
4
badc-cc 4
dgf-cc 4
ff-cc 2
jgi-cc 2
23
6
gfa-cd 1
fae-cd 1
dbg-cd 5
bhd-cd 1
bcaj-cd 1
ffb-cd 4
24
4
jag-ce 6
bi-ce 2
ef-ce 2
jgf-ce 3
25
5
eac-cf 7
bbci-cf 1
cc-cf 1
fhg-cf 1
def-cf 2
26
7
hhc-cg 2
chb-cg 3
ca-cg 1
bd-cg 4
eh-cg 1
deb-cg 1
deg-cg 1
27
6
ddb-ch 2
bjd-ch 2
jgg-ch 4
hch-ch 2
dji-ch 2
cd-ch 1
28
5
hif-ci 1
hfh-ci 3
gbg-ci 1
bffg-ci 7
befi-ci 1
29
3
fbi-cj 1
egd-cj 1
bfgd-cj 9
30
8
bcei-da 3
bhd-da 2
eej-da 1
gda-da 1
ea-da 1
bdf-da 2
fai-da 3
beib-da 2
31
7
bgj-db 1
gi-db 1
cbh-db 2
bc-db 1
bbde-db 7
cfj-db 1
cd-db 1
32
6
ecg-dc 1
jbf-dc 1
ifh-dc 1
bbgj-dc 1
iag-dc 1
iej-dc 9
33
3
fc-dd 2
dfg-dd 2
babg-dd 7
34
4
eih-de 2
di-de 5
ghj-de 2
bhe-de 2
35
5
bfgb-df 8
gc-df 1
igi-df 2
ibf-df 1
iei-df 1
36
8
bdfc-dg 1
bcii-dg 3
hah-dg 3
bgfe-dg 1
bebe-dg 3
bed-dg 1
bcag-dg 1
cee-dg 1
37
5
dc-dh 1
hha-dh 3
db-dh 1
bagf-dh 8
gcd-dh 1
38
26
ce-di 1
jc-di 1
hj-di 1
cc-di 1
bbig-di 1
gf-di 1
bdj-di 1
fe-di 1
bai-di 1
bgf-di 1
cja-di 1
cg-di 1
bjd-di 1
ff-di 1
cbj-di 1
dc-di 1
bab-di 1
fc-di 1
hh-di 1
bfi-di 1
bje-di 1
ba-di 1
eb-di 1
haf-di 1
gc-di 1
beh-di 1
39
3
cbh-dj 4
ef-dj 4
gdb-dj 2
40
6
dbb-ea 1
eee-ea 2
cgg-ea 1
jff-ea 2
jjh-ea 3
fda-ea 2
41
3
cdi-eb 4
bbfc-eb 6
hac-eb 1
42
5
fc-ec 1
fi-ec 2
ci-ec 1
cdc-ec 7
ege-ec 2
43
5
bfdc-ed 2
bcia-ed 6
ech-ed 2
edf-ed 1
eb-ed 1
44
3
bacc-ee 5
cfb-ee 4
ejg-ee 2
45
7
cih-ef 4
cij-ef 1
bgd-ef 1
bgb-ef 1
egh-ef 1
beeh-ef 2
ige-ef 4
46
5
ffd-eg 1
ggg-eg 10
cbg-eg 1
bcd-eg 1
bdj-eg 1
47
5
bbei-eh 1
bjb-eh 1
bbfg-eh 4
gdh-eh 5
fdd-eh 1
48
6
cbh-ei 1
dff-ei 1
jfj-ei 7
bcjf-ei 2
bb-ei 1
bbje-ei 1
49
3
jia-ej 1
baig-ej 9
cd-ej 2
50
6
bc-fa 1
bcb-fa 1
jji-fa 2
dhe-fa 8
bhg-fa 1
hg-fa 1
51
3
bdc-fb 6
bcch-fb 2
dfa-fb 3
52
5
bfch-fc 7
fif-fc 3
bcj-fc 1
eab-fc 1
jb-fc 1
53
4
dhe-fd 3
je-fd 3
daf-fd 3
dd-fd 3
54
19
dbh-fe 1
bjj-fe 1
bge-fe 1
bc-fe 1
fg-fe 1
bhh-fe 1
jic-fe 1
bci-fe 1
cag-fe 1
ee-fe 1
f-fe 1
bbc-fe 1
bjg-fe 1
cie-fe 1
ic-fe 1
dei-fe 1
dcc-fe 1
ig-fe 1
jb-fe 1
55
7
cje-ff 2
bed-ff 1
bdcg-ff 1
bdf-ff 1
ic-ff 1
dbd-ff 1
gb-ff 6
56
21
cj-fg 1
di-fg 1
bdj-fg 1
cbh-fg 1
ee-fg 1
cdj-fg 1
iej-fg 1
bga-fg 1
eaa-fg 1
cgi-fg 1
ja-fg 1
ch-fg 1
baac-fg 1
bfaf-fg 1
jhf-fg 1
bjf-fg 1
cf-fg 1
h-fg 1
fh-fg 1
gc-fg 1
baa-fg 1
57
7
jjd-fh 1
jie-fh 1
jh-fh 1
bdb-fh 1
bejb-fh 5
d-fh 2
ccb-fh 2
58
3
fg-fi 1
bfdg-fi 9
hee-fi 2
59
7
bea-fj 1
ifd-fj 2
dbg-fj 5
ddg-fj 1
hfh-fj 1
bcha-fj 2
ff-fj 1
60
6
eah-ga 1
fga-ga 7
bi-ga 3
cih-ga 1
cg-ga 1
dac-ga 1
61
2
bbjc-gb 10
bbeb-gb 1
62
6
bdfa-gc 4
gge-gc 5
eie-gc 2
e-gc 1
bga-gc 1
j-gc 1
63
8
cfj-gd 2
dai-gd 2
daj-gd 2
dbf-gd 1
je-gd 1
bfgc-gd 5
gfb-gd 1
icd-gd 1
64
2
dfi-ge 5
g-ge 5
65
19
be-gf 1
ej-gf 1
ehh-gf 1
bic-gf 1
djd-gf 1
cd-gf 1
fic-gf 1
de-gf 1
db-gf 1
dfg-gf 1
fb-gf 1
fa-gf 1
ch-gf 1
dha-gf 1
ea-gf 1
cf-gf 1
bag-gf 1
cgh-gf 1
cca-gf 1
66
5
jdj-gg 1
idf-gg 1
jhg-gg 1
bfjf-gg 6
cdh-gg 4
67
3
bddh-gh 9
bh-gh 1
jci-gh 1
68
3
cbe-gi 1
bcff-gi 9
ch-gi 1
69
3
edh-gj 2
baad-gj 2
gjj-gj 6
70
3
ecc-ha 1
bda-ha 1
db-ha 8
71
2
iaa-hb 4
efh-hb 7
72
4
gg-hc 1
ejc-hc 7
dbf-hc 3
cif-hc 1
73
8
dc-hd 1
bab-hd 1
ced-hd 1
bci-hd 1
ch-hd 1
daa-hd 1
hb-hd 1
iib-hd 1
74
7
bcd-he 1
bebb-he 1
gig-he 1
bcjc-he 5
hc-he 2
gij-he 1
bgi-he 2
75
4
dah-hf 1
da-hf 1
bdbc-hf 3
hie-hf 5
76
4
gbd-hg 2
dfj-hg 1
bja-hg 7
cgj-hg 2
77
7
cae-hh 2
bdh-hh 1
caa-hh 1
jae-hh 1
gcj-hh 4
bjb-hh 3
beic-hh 1
78
5
bac-hi 1
iba-hi 5
baec-hi 5
fa-hi 1
ihf-hi 1
79
3
jfc-hj 10
gfg-hj 1
di-hj 1
80
4
bfeh-ia 5
bdjd-ia 3
di-ia 3
ccc-ia 2
81
4
gia-ib 3
dad-ib 2
dea-ib 2
ghd-ib 5
82
3
bedh-ic 8
cgi-ic 1
fdf-ic 2
83
4
ej-id 1
eab-id 10
gbg-id 1
ebd-id 1
84
5
dej-ie 2
haj-ie 2
bjd-ie 2
fbb-ie 2
eeh-ie 2
85
3
bfce-if 3
di-if 1
bcge-if 7
86
2
egf-ig 4
baif-ig 7
87
3
cgh-ih 8
bcfj-ih 2
bba-ih 1
88
6
chf-ii 7
bacd-ii 1
bacj-ii 2
dgc-ii 1
eig-ii 1
bgfi-ii 1
89
4
fbc-ij 1
dbi-ij 1
ife-ij 3
bcd-ij 5
90
3
hij-ja 10
bei-ja 1
fef-ja 1
91
4
jc-jb 3
bc-jb 3
ehi-jb 3
bhe-jb 3
92
6
gii-jc 1
gbe-jc 1
hj-jc 1
bbjg-jc 5
fci-jc 1
babi-jc 6
93
2
cae-jd 5
fhj-jd 5
94
6
bfc-je 4
fcf-je 1
bbi-je 1
bi-je 3
gdf-je 3
bfgb-je 2
95
3
dfc-jf 2
iae-jf 3
gbd-jf 6
96
3
daf-jg 10
ec-jg 1
beb-jg 1
97
6
hib-jh 1
dai-jh 1
bbfg-jh 9
ei-jh 1
ecj-jh 1
bcbf-jh 1
98
5
bccj-ji 3
beaa-ji 2
bdjh-ji 6
idd-ji 1
gbe-ji 1
99
3
bcee-jj 5
fgf-jj 3
dej-jj 3
100
5
fhg-baa 1
dfi-baa 1
bfg-baa 1
efg-baa 5
dig-baa 5
101
4
chf-bab 5
ede-bab 2
jhg-bab 1
eic-bab 3
102
5
gja-bac 4
hfi-bac 1
bfe-bac 6
hj-bac 1
da-bac 1
103
3
jid-bad 6
bha-bad 4
bfi-bad 2
104
4
dgj-bae 1
bdga-bae 9
cd-bae 1
ceg-bae 1
105
5
cbg-baf 1
cj-baf 2
cgb-baf 1
bdbh-baf 8
bcb-baf 1
106
7
fic-bag 2
bbfi-bag 2
dad-bag 2
baab-bag 2
bfce-bag 4
ede-bag 2
bcc-bag 2
107
6
bbcc-bah 1
ifd-bah 2
gjh-bah 6
hbf-bah 2
ddf-bah 1
deg-bah 2
108
2
cfj-bai 7
bda-bai 4
109
6
db-baj 1
bda-baj 2
ddb-baj 1
eg-baj 3
chf-baj 2
cjg-baj 1
110
5
gdc-bba 5
fbe-bba 4
dic-bba 2
je-bba 2
hi-bba 1
111
4
bdh-bbb 1
fdh-bbb 5
d-bbb 4
edb-bbb 2
112
5
gbg-bbc 1
jje-bbc 1
dgb-bbc 1
chf-bbc 9
dbb-bbc 1
113
2
gca-bbd 5
bja-bbd 5
114
3
cie-bbe 3
ehd-bbe 6
cb-bbe 2
115
5
dfc-bbf 1
bei-bbf 6
fj-bbf 1
bej-bbf 1
bage-bbf 4
116
6
cbd-bbg 1
eg-bbg 2
gdc-bbg 3
eba-bbg 1
bbbj-bbg 1
iff-bbg 5
117
3
gjh-bbh 1
bacc-bbh 10
ehi-bbh 1
118
9
bca-bbi 1
gfd-bbi 1
beb-bbi 1
cbb-bbi 1
bech-bbi 1
cea-bbi 1
beeh-bbi 9
ige-bbi 1
ib-bbi 1
119
7
bbag-bbj 1
ige-bbj 1
eh-bbj 1
bbf-bbj 1
baja-bbj 1
fag-bbj 9
gjh-bbj 1
120
6
gae-bca 2
cji-bca 4
bae-bca 1
gaf-bca 1
eae-bca 4
cc-bca 1
121
4
bbgc-bcb 2
fba-bcb 7
bdea-bcb 1
bbdg-bcb 3
122
7
gfi-bcc 1
jg-bcc 1
hgb-bcc 1
bbff-bcc 8
bebg-bcc 1
bjd-bcc 1
bbab-bcc 2
123
5
iie-bcd 1
jec-bcd 2
ddj-bcd 2
gc-bcd 1
eed-bcd 6
124
8
gc-bce 2
ccc-bce 1
gef-bce 3
bagd-bce 2
bi-bce 2
edi-bce 2
fed-bce 1
bb-bce 1
125
4
cea-bcf 5
ddj-bcf 3
gih-bcf 2
deg-bcf 2
126
7
di-bcg 2
g-bcg 3
dbg-bcg 3
hcj-bcg 2
dgg-bcg 2
cah-bcg 2
bhj-bcg 2
127
6
bfc-bch 1
dfd-bch 1
bgbf-bch 2
gad-bch 4
fbh-bch 4
ecb-bch 2
128
7
bagb-bci 2
bbhe-bci 7
bcbc-bci 1
bbf-bci 1
fag-bci 1
fi-bci 1
bbc-bci 1
129
7
eac-bcj 1
cjg-bcj 1
cjh-bcj 1
icj-bcj 1
iff-bcj 8
bah-bcj 1
bbf-bcj 1
130
6
dhg-bda 1
eh-bda 1
ffa-bda 7
ia-bda 1
dfj-bda 2
fbe-bda 1
131
8
efd-bdb 6
deh-bdb 2
bfc-bdb 1
cda-bdb 1
jbg-bdb 1
fib-bdb 1
bhb-bdb 1
djh-bdb 1
132
9
bbjh-bdc 1
bfea-bdc 3
cfc-bdc 1
jbg-bdc 1
fdc-bdc 2
bbah-bdc 1
bec-bdc 1
bbfe-bdc 1
fee-bdc 4
133
5
bece-bdd 3
bja-bdd 1
bcgc-bdd 7
bjf-bdd 1
efa-bdd 1
134
6
beec-bde 2
gge-bde 3
hhi-bde 1
iah-bde 3
bba-bde 2
bdh-bde 1
135
6
hc-bdf 1
gbf-bdf 1
hcg-bdf 5
bhe-bdf 1
gea-bdf 3
bbab-bdf 2
136
8
bcc-bdg 1
djj-bdg 1
bbij-bdg 3
jdg-bdg 1
ch-bdg 1
bahh-bdg 6
cha-bdg 1
dhi-bdg 1
137
4
jjg-bdh 5
ce-bdh 2
edg-bdh 2
feh-bdh 3
138
6
bcfj-bdi 1
bffi-bdi 1
ich-bdi 1
jbe-bdi 1
iic-bdi 8
gci-bdi 2
139
7
igg-bdj 1
ffb-bdj 1
bbbh-bdj 1
geh-bdj 5
hhc-bdj 1
igb-bdj 1
jfe-bdj 4
140
4
cdh-bea 1
dgc-bea 8
fif-bea 1
dgb-bea 2
141
8
edh-beb 1
cbe-beb 1
ffd-beb 1
hia-beb 8
fe-beb 1
djg-beb 1
cbg-beb 1
dci-beb 1
142
8
bdh-bec 1
ii-bec 2
hff-bec 1
eei-bec 1
bdei-bec 3
hj-bec 2
hea-bec 4
ica-bec 1
143
6
feh-bed 1
cfa-bed 1
cd-bed 8
bhc-bed 1
begd-bed 2
ica-bed 1
144
5
dfg-bee 1
bgbe-bee 10
cfa-bee 1
bbej-bee 1
gjd-bee 1
145
4
bjd-bef 1
dai-bef 5
fgj-bef 4
jei-bef 1
146
5
fei-beg 3
hgd-beg 1
bef-beg 4
bja-beg 1
ea-beg 1
147
9
ccg-beh 1
bab-beh 1
gdd-beh 1
hi-beh 2
jbj-beh 1
cia-beh 1
ieh-beh 7
ih-beh 1
ef-beh 1
148
5
becg-bei 1
jbi-bei 1
bcgi-bei 2
jca-bei 6
fge-bei 3
149
5
cdi-bej 1
bec-bej 3
fif-bej 7
dbi-bej 1
bdb-bej 1
150
5
ddd-bfa 1
cjd-bfa 7
ifi-bfa 1
egg-bfa 2
cdf-bfa 2
151
2
bdji-bfb 10
fda-bfb 1
152
9
dhb-bfc 1
bafi-bfc 1
ifh-bfc 1
cdb-bfc 1
gbi-bfc 1
fcb-bfc 1
dcb-bfc 8
cei-bfc 1
fbb-bfc 1
153
4
jgi-bfd 3
cie-bfd 4
bif-bfd 2
haa-bfd 4
154
5
dch-bfe 4
gbc-bfe 2
baea-bfe 4
cgh-bfe 2
hff-bfe 1
155
4
fdh-bff 1
eec-bff 5
gfe-bff 4
bcie-bff 2
156
8
dae-bfg 1
bgac-bfg 7
hhe-bfg 1
fh-bfg 1
hj-bfg 1
bef-bfg 1
efi-bfg 1
be-bfg 1
157
4
eaa-bfh 5
gcj-bfh 2
bae-bfh 2
baf-bfh 2
158
7
jhe-bfi 1
idg-bfi 1
gaa-bfi 4
ecj-bfi 1
bacf-bfi 1
ich-bfi 1
bgci-bfi 7
159
5
jjj-bfj 4
gce-bfj 1
gif-bfj 2
bii-bfj 4
ded-bfj 1
160
3
dij-bga 1
hbd-bga 8
efe-bga 2
161
6
bcga-bgb 1
dff-bgb 1
hea-bgb 8
cgc-bgb 2
bahe-bgb 1
bedd-bgb 1
162
7
cdb-bgc 1
ehc-bgc 1
ffi-bgc 1
fd-bgc 1
cff-bgc 1
bdeh-bgc 5
cgd-bgc 3
163
5
gd-bgd 1
bgdh-bgd 3
dbj-bgd 1
f-bgd 1
edg-bgd 6
164
3
jif-bge 5
d-bge 1
hci-bge 5
165
4
bd-bgf 1
bie-bgf 1
iaa-bgf 9
baih-bgf 1
166
6
heh-bgg 3
bdde-bgg 1
bcaa-bgg 4
babe-bgg 1
id-bgg 1
ehg-bgg 4
167
5
cej-bgh 1
dbg-bgh 5
be-bgh 1
bfgh-bgh 3
cgg-bgh 1
168
8
cej-bgi 1
cbi-bgi 3
dda-bgi 1
bc-bgi 1
baa-bgi 1
eij-bgi 1
daj-bgi 5
bhh-bgi 1
169
5
bffe-bgj 3
hch-bgj 4
jai-bgj 3
djh-bgj 2
hbh-bgj 2
170
8
bde-bha 1
edd-bha 1
bff-bha 1
ddd-bha 1
ccd-bha 1
fh-bha 1
gi-bha 8
bi-bha 1
171
6
hhd-bhb 6
ih-bhb 2
cda-bhb 1
fcb-bhb 1
bfbi-bhb 2
jh-bhb 1
172
6
gfg-bhc 1
edf-bhc 1
eje-bhc 1
bfe-bhc 1
bbfd-bhc 7
bagf-bhc 2
173
4
eed-bhd 5
bcb-bhd 1
gii-bhd 2
hj-bhd 4
174
5
cfe-bhe 1
chd-bhe 1
bgj-bhe 1
ebi-bhe 1
daa-bhe 9
175
6
bci-bhf 6
ech-bhf 3
ca-bhf 1
jga-bhf 1
dgi-bhf 2
cgi-bhf 1
176
7
cbg-bhg 1
cfi-bhg 1
cdi-bhg 8
babb-bhg 1
bci-bhg 1
baf-bhg 1
iga-bhg 1
177
4
cbc-bhh 1
bai-bhh 2
efe-bhh 6
cch-bhh 3
178
5
eaj-bhi 6
gbb-bhi 1
cdb-bhi 1
bacb-bhi 1
ibh-bhi 4
179
7
bafb-bhj 8
fha-bhj 1
ghd-bhj 1
hg-bhj 1
dbf-bhj 1
hbc-bhj 1
cb-bhj 1
180
4
hi-bia 3
bjg-bia 1
cch-bia 6
dac-bia 1
181
3
eae-bib 10
hjj-bib 1
fhc-bib 1
182
4
eee-bic 3
dc-bic 2
baa-bic 5
hdc-bic 2
183
4
beh-bid 4
dec-bid 2
bajd-bid 2
bef-bid 4
184
11
bde-bie 2
bcc-bie 1
hdd-bie 3
cdc-bie 1
bbc-bie 1
cfe-bie 1
bae-bie 1
bcai-bie 2
bef-bie 1
dbe-bie 1
eig-bie 2
185
5
bahf-bif 1
bgcg-bif 7
babf-bif 4
cji-bif 1
je-bif 1
186
2
deg-big 8
bdde-big 3
187
4
ccj-bih 1
bcff-bih 8
hef-bih 1
dcf-bih 2
188
5
dfa-bii 2
caj-bii 1
ejd-bii 2
bcej-bii 5
bga-bii 2
189
6
ba-bij 1
eab-bij 1
cia-bij 4
gfi-bij 1
cha-bij 5
bcj-bij 1
190
3
dca-bja 10
dig-bja 1
ded-bja 1
191
4
bbee-bjb 5
bcdb-bjb 4
db-bjb 2
fed-bjb 1
192
5
baad-bjc 7
ibe-bjc 2
ggh-bjc 1
bagc-bjc 1
eia-bjc 1
193
5
di-bjd 1
bij-bjd 1
hdg-bjd 8
ghb-bjd 3
gd-bjd 1
194
4
ecd-bje 9
dgf-bje 1
eja-bje 1
cga-bje 1
195
6
hie-bjf 1
bccc-bjf 1
baff-bjf 8
hii-bjf 1
ecg-bjf 1
hic-bjf 2
196
3
dih-bjg 5
df-bjg 4
cec-bjg 2
197
6
eah-bjh 1
bcb-bjh 3
djg-bjh 1
jeb-bjh 2
cd-bjh 5
gfd-bjh 1
198
4
beeb-bji 10
dbg-bji 1
fdj-bji 1
cgh-bji 1
199
4
jhe-bjj 1
baad-bjj 8
gci-bjj 2
edg-bjj 1
200
6
ecb-caa 3
jgd-caa 1
bafd-caa 2
hfg-caa 2
dhc-caa 1
djj-caa 4
201
6
jca-cab 1
bef-cab 1
jbg-cab 1
daf-cab 1
cjd-cab 3
bdg-cab 6
202
5
cgd-cac 1
fid-cac 4
bbdh-cac 1
dbf-cac 5
djc-cac 1
203
3
icg-cad 5
ege-cad 4
edd-cad 2
204
8
jcd-cae 1
bccg-cae 3
bcb-cae 4
cci-cae 1
hhb-cae 3
chb-cae 1
bea-cae 1
gdi-cae 1
205
3
gag-caf 1
ghc-caf 1
bafb-caf 10
206
4
cie-cag 8
ebb-cag 2
bbg-cag 1
fbi-cag 2
207
6
bebe-cah 6
fde-cah 1
ih-cah 1
bahc-cah 2
fac-cah 1
cce-cah 1
208
2
jda-cai 5
gdb-cai 5
209
4
ghh-caj 4
eji-caj 4
jh-caj 1
eba-caj 1
210
4
bgdd-cba 4
bbjf-cba 7
bfi-cba 1
bccb-cba 1
211
5
da-cbb 1
be-cbb 2
cge-cbb 4
ihc-cbb 4
ca-cbb 1
212
2
bcdg-cbc 4
efg-cbc 7
213
8
jej-cbd 1
bcdc-cbd 1
eag-cbd 1
jfc-cbd 9
ehe-cbd 1
bif-cbd 1
chb-cbd 1
cec-cbd 1
214
17
hfj-cbe 1
fa-cbe 1
cii-cbe 1
cjc-cbe 1
bbcc-cbe 1
bch-cbe 1
cb-cbe 1
cjg-cbe 1
hgj-cbe 1
bji-cbe 1
bge-cbe 1
feg-cbe 1
dbh-cbe 1
ed-cbe 1
eh-cbe 1
he-cbe 1
bcj-cbe 1
215
3
ceb-cbf 3
cdj-cbf 3
bff-cbf 5
216
4
bbfi-cbg 5
bdg-cbg 1
hjj-cbg 1
becj-cbg 6
217
5
bfg-cbh 1
bhi-cbh 7
caj-cbh 1
jhi-cbh 2
ej-cbh 1
218
3
ede-cbi 10
ebh-cbi 1
bdi-cbi 1
219
5
db-cbj 1
hi-cbj 1
dcf-cbj 2
gjj-cbj 7
jec-cbj 1
220
6
ehi-cca 1
bbdb-cca 4
cbe-cca 1
ihg-cca 1
bbi-cca 1
eea-cca 3
221
6
ddd-ccb 2
eig-ccb 1
jeh-ccb 2
d-ccb 1
ejj-ccb 2
bjj-ccb 2
222
3
jfh-ccc 7
eag-ccc 3
bcda-ccc 2
223
6
bajb-ccd 6
eae-ccd 1
dhh-ccd 1
ecd-ccd 1
feh-ccd 2
cjf-ccd 2
224
4
bdc-cce 2
hdf-cce 2
bceh-cce 7
daf-cce 2
225
7
hcc-ccf 1
ghd-ccf 1
bfdd-ccf 1
jeg-ccf 1
ga-ccf 1
dca-ccf 2
ihi-ccf 9
226
7
ijd-ccg 2
bahi-ccg 3
hde-ccg 1
ide-ccg 1
fhh-ccg 1
bih-ccg 1
hjh-ccg 1
227
4
ice-cch 1
bhe-cch 1
egd-cch 7
baaf-cch 4
228
4
bbfd-cci 5
haf-cci 1
ceb-cci 1
bgbg-cci 5
229
6
j-ccj 1
hji-ccj 6
eeb-ccj 2
gdf-ccj 2
cch-ccj 2
bch-ccj 1
230
3
dd-cda 3
jae-cda 3
ejd-cda 5
231
4
fcf-cdb 1
ejg-cdb 9
bff-cdb 1
jaa-cdb 1
232
6
fad-cdc 4
gac-cdc 1
ddj-cdc 5
hjg-cdc 1
eb-cdc 1
ccj-cdc 1
233
2
bebi-cdd 8
db-cdd 3
234
7
fff-cde 1
bjb-cde 1
hhb-cde 4
gge-cde 3
bi-cde 1
bdia-cde 3
bj-cde 1
235
5
iee-cdf 1
bhj-cdf 1
fjc-cdf 10
dfa-cdf 1
badh-cdf 1
236
6
bfjd-cdg 1
dff-cdg 9
eif-cdg 1
bdf-cdg 1
cid-cdg 1
gcf-cdg 1
237
3
gd-cdh 1
gfd-cdh 1
bbja-cdh 10
238
4
j-cdi 2
beha-cdi 8
deb-cdi 1
jbc-cdi 1
239
3
ega-cdj 9
chh-cdj 1
hgg-cdj 2
240
7
che-cea 4
if-cea 1
cfi-cea 1
cac-cea 1
gbi-cea 1
be-cea 1
jaj-cea 6
241
6
bch-ceb 1
dfe-ceb 1
dhh-ceb 1
cii-ceb 1
bfj-ceb 1
bdea-ceb 10
242
4
bbc-cec 1
bad-cec 3
bdg-cec 2
bajb-cec 6
243
3
cah-ced 2
bbgc-ced 9
efg-ced 1
244
3
eej-cee 3
ic-cee 7
jhc-cee 1
245
4
bbec-cef 1
dab-cef 3
bfi-cef 4
bha-cef 4
246
4
bfa-ceg 1
cah-ceg 4
gdg-ceg 3
iag-ceg 3
247
4
gdd-ceh 4
cic-ceh 2
eeg-ceh 4
bje-ceh 2
248
5
ehj-cei 2
bfb-cei 2
ddf-cei 2
fhi-cei 4
dgf-cei 3
249
8
jej-cej 1
dif-cej 2
bbeg-cej 3
gig-cej 1
bh-cej 4
ef-cej 1
bda-cej 1
bbee-cej 3
250
5
gei-cfa 4
hdi-cfa 1
ice-cfa 1
eb-cfa 1
bdhb-cfa 5
251
7
gje-cfb 2
baga-cfb 1
fc-cfb 1
g-cfb 2
fgg-cfb 2
cea-cfb 1
fhe-cfb 4
252
3
gef-cfc 7
ieg-cfc 3
eca-cfc 2
253
6
cje-cfd 2
a-cfd 1
ccg-cfd 1
bchd-cfd 6
geb-cfd 2
bcdh-cfd 1
254
2
ijc-cfe 9
jf-cfe 2
255
5
egj-cff 1
bafc-cff 3
ejg-cff 6
hjf-cff 1
hda-cff 2
256
4
ej-cfg 2
bbdg-cfg 5
gic-cfg 1
bfdb-cfg 4
257
7
baj-cfh 1
bee-cfh 1
bbee-cfh 1
cid-cfh 1
fjh-cfh 1
cie-cfh 10
gbg-cfh 1
258
5
dhi-cfi 6
eec-cfi 1
chd-cfi 1
bcfi-cfi 2
badf-cfi 1
259
6
cfi-cfj 8
beb-cfj 2
dib-cfj 1
fh-cfj 1
efb-cfj 1
bd-cfj 1
260
7
cgd-cga 1
chf-cga 1
bhb-cga 2
chj-cga 1
dh-cga 1
cah-cga 1
bcjf-cga 8
261
5
deb-cgb 3
gdf-cgb 3
dch-cgb 1
da-cgb 5
dhd-cgb 1
262
6
fji-cgc 2
hfc-cgc 3
ee-cgc 2
cdb-cgc 1
ica-cgc 4
hdb-cgc 2
263
6
dcj-cgd 1
bec-cgd 1
bafd-cgd 3
dcf-cgd 6
bajg-cgd 1
bafi-cgd 1
264
6
fh-cge 1
bfc-cge 5
hai-cge 1
bba-cge 3
ea-cge 1
cci-cge 2
265
5
ibe-cgf 1
bgbh-cgf 5
gie-cgf 1
dej-cgf 1
fcc-cgf 5
266
5
bdh-cgg 2
bii-cgg 1
dib-cgg 1
fhc-cgg 7
bgae-cgg 2
267
5
hc-cgh 1
cag-cgh 1
bdhc-cgh 10
babb-cgh 1
hif-cgh 1
268
5
fdh-cgi 2
djh-cgi 1
ia-cgi 1
daf-cgi 1
baaa-cgi 9
269
4
ifi-cgj 5
dgg-cgj 1
eag-cgj 4
fei-cgj 2
270
6
dhj-cha 1
gfh-cha 2
dcb-cha 3
bhi-cha 1
ged-cha 4
egj-cha 3
271
3
eci-chb 1
fff-chb 3
bcbi-chb 7
272
5
fjc-chc 1
jfb-chc 1
hba-chc 1
jhd-chc 7
bbfj-chc 3
273
4
cjc-chd 1
bfbg-chd 9
ebh-chd 1
dfj-chd 1
274
4
dbj-che 1
befj-che 10
dej-che 1
eah-che 1
275
5
ehb-chf 1
did-chf 1
hfb-chf 1
eca-chf 9
fch-chf 1
276
4
hja-chg 2
iab-chg 5
edh-chg 4
fc-chg 1
277
4
cbb-chh 3
ddj-chh 3
cid-chh 3
ca-chh 3
278
6
bbc-chi 8
cee-chi 1
bbea-chi 2
jeh-chi 1
hga-chi 1
ibj-chi 1
279
6
dia-chj 1
jg-chj 1
fg-chj 2
bgh-chj 1
hhi-chj 5
fjd-chj 1
280
4
jej-cia 4
jj-cia 2
cce-cia 1
eie-cia 5
281
5
bcce-cib 1
bdhh-cib 4
hh-cib 1
eha-cib 5
bdhb-cib 1
282
5
igc-cic 1
bbi-cic 1
jce-cic 1
ifd-cic 1
dhi-cic 8
283
11
fic-cid 1
dfd-cid 1
cab-cid 1
ehb-cid 1
cjb-cid 6
ebi-cid 1
bdh-cid 1
dfa-cid 1
hgg-cid 1
fcf-cid 2
bii-cid 1
284
3
gg-cie 4
bih-cie 1
jfi-cie 7
285
8
baed-cif 1
dae-cif 1
idd-cif 1
bbai-cif 1
bcja-cif 10
gfe-cif 1
dcb-cif 1
dgb-cif 1
286
6
eef-cig 1
bbac-cig 2
hai-cig 1
dge-cig 1
hdd-cig 1
hbj-cig 6
287
2
cda-cih 1
icg-cih 10
288
6
gc-cii 1
gbi-cii 2
cah-cii 1
dad-cii 1
baha-cii 7
ggd-cii 2
289
4
dgf-cij 6
ch-cij 3
cch-cij 1
bgi-cij 1
290
6
ija-cja 1
bcaa-cja 3
ead-cja 2
hcj-cja 3
ehg-cja 2
dge-cja 1
291
4
beba-cjb 9
bagh-cjb 1
eei-cjb 1
jbi-cjb 1
292
4
bfgi-cjc 8
bada-cjc 2
db-cjc 1
bcih-cjc 1
293
2
eje-cjd 2
bdaa-cjd 9
294
3
cea-cje 7
fje-cje 1
bbi-cje 4
295
3
egf-cjf 2
cgb-cjf 4
dba-cjf 5
296
3
fb-cjg 1
cgb-cjg 1
caf-cjg 1
297
5
hhf-cjh 2
jfd-cjh 4
he-cjh 1
dci-cjh 1
da-cjh 2
298
6
hbd-cji 1
bee-cji 1
bdce-cji 7
bdcg-cji 1
id-cji 2
dbj-cji 1
299
6
jah-cjj 8
bcie-cjj 1
fci-cjj 1
cc-cjj 1
bfeb-cjj 2
bgh-cjj 1
300
6
jjb-daa 3
edd-daa 1
fh-daa 1
bbhc-daa 2
bfde-daa 6
ih-daa 1
301
6
bace-dab 1
icf-dab 1
cjh-dab 1
bef-dab 1
hi-dab 9
ede-dab 1
302
5
bgi-dac 3
dce-dac 4
fgc-dac 2
de-dac 1
iid-dac 4
303
4
gfd-dad 7
gfe-dad 3
dab-dad 1
gcb-dad 2
304
4
bcib-dae 9
baaa-dae 1
ebf-dae 1
fce-dae 2
305
7
bddb-daf 1
badi-daf 5
jae-daf 1
cha-daf 1
bdcb-daf 4
bdag-daf 1
fbb-daf 2
306
3
hcd-dag 8
jg-dag 2
eb-dag 2
307
4
ehc-dah 4
ggg-dah 4
cgi-dah 1
ihj-dah 2
308
6
chh-dai 1
dhc-dai 1
bchi-dai 6
ejb-dai 1
bafa-dai 3
ebd-dai 1
309
6
dce-daj 1
dhe-daj 1
fhj-daj 2
fae-daj 1
ebb-daj 1
geh-daj 7
310
3
gdh-dba 2
bff-dba 1
hhj-dba 9
311
4
dgi-dbb 1
cjb-dbb 1
eaa-dbb 10
dfc-dbb 1
312
2
dah-dbc 4
hca-dbc 7
313
5
bfg-dbd 1
gcb-dbd 8
bbg-dbd 1
ceg-dbd 1
bdjf-dbd 2
314
3
bcaf-dbe 9
dac-dbe 1
dfh-dbe 1
315
7
bbcb-dbf 1
dac-dbf 1
gib-dbf 10
baad-dbf 1
gdc-dbf 1
ei-dbf 1
eid-dbf 1
316
3
dab-dbg 1
iag-dbg 10
ffg-dbg 1
317
5
cid-dbh 1
caa-dbh 2
cdb-dbh 1
gfj-dbh 1
fha-dbh 8
318
5
bcaa-dbi 3
ch-dbi 1
fah-dbi 1
edd-dbi 5
eia-dbi 1
319
6
dad-dbj 3
cg-dbj 1
cgb-dbj 1
bb-dbj 2
dhd-dbj 4
gjf-dbj 3
320
5
badg-dca 1
bdii-dca 2
a-dca 1
bda-dca 2
jbi-dca 7
321
6
gbj-dcb 1
jia-dcb 1
eda-dcb 4
efg-dcb 1
gad-dcb 4
fi-dcb 2
322
9
gdi-dcc 1
eie-dcc 1
chf-dcc 2
cdd-dcc 1
jah-dcc 5
heg-dcc 1
fbb-dcc 1
ddf-dcc 1
di-dcc 3
323
4
gda-dcd 2
cg-dcd 4
cfg-dcd 3
gjc-dcd 1
324
4
cce-dce 1
ebg-dce 1
jef-dce 10
bcg-dce 1
325
5
fce-dcf 1
bbja-dcf 7
cgb-dcf 2
fea-dcf 2
bhe-dcf 1
326
3
jjj-dcg 1
cd-dcg 1
dca-dcg 9
327
5
jai-dch 10
bdgc-dch 1
cjc-dch 1
dh-dch 1
eca-dch 1
328
5
dae-dci 2
bcef-dci 5
ddg-dci 2
ehi-dci 2
cge-dci 1
329
5
bde-dcj 1
jcg-dcj 8
begb-dcj 2
dhd-dcj 1
dbj-dcj 1
330
4
bjj-dda 6
dai-dda 3
fjj-dda 1
cea-dda 1
331
6
bcea-ddb 2
eig-ddb 1
ddd-ddb 2
bbdj-ddb 2
cjb-ddb 1
bdge-ddb 4
332
5
bja-ddc 3
ia-ddc 1
dac-ddc 2
beg-ddc 1
bfjb-ddc 6
333
4
bci-ddd 1
beef-ddd 9
gfa-ddd 1
hed-ddd 1
334
9
dbe-dde 1
bbj-dde 1
ehd-dde 1
gaa-dde 1
d-dde 4
ejf-dde 1
ghh-dde 5
ifj-dde 1
fbe-dde 1
335
7
jh-ddf 1
eb-ddf 2
id-ddf 1
chf-ddf 1
bei-ddf 1
fcf-ddf 5
eij-ddf 3
336
3
eid-ddg 8
cgc-ddg 2
cdi-ddg 2
337
4
ech-ddh 1
ef-ddh 2
baa-ddh 8
edi-ddh 1
338
6
ef-ddi 3
cfa-ddi 2
jja-ddi 1
ehd-ddi 4
fib-ddi 1
bjc-ddi 1
339
6
ccd-ddj 1
ecg-ddj 6
dia-ddj 1
haa-ddj 4
ehi-ddj 1
ihj-ddj 1
340
6
dia-dea 1
ief-dea 3
edh-dea 2
ebe-dea 1
bgi-dea 1
ejd-dea 5
341
6
hfg-deb 1
fei-deb 2
hha-deb 1
hgj-deb 1
cbi-deb 8
hjc-deb 1
342
5
ba-dec 1
bg-dec 1
fdc-dec 2
bcgh-dec 2
bfg-dec 7
343
5
gij-ded 4
jab-ded 1
bdbb-ded 1
ihf-ded 5
ddc-ded 1
344
5
dhc-dee 1
dej-dee 1
cia-dee 3
fji-dee 5
fhb-dee 1
345
3
ceb-def 1
bajh-def 2
jfi-def 9
346
6
eec-deg 2
fhd-deg 6
cfb-deg 1
bceg-deg 1
cdh-deg 1
hia-deg 2
347
4
ifa-deh 2
iji-deh 4
gcf-deh 1
dj-deh 5
348
2
gjc-dei 3
fif-dei 8
349
4
bcah-dej 10
babg-dej 1
fda-dej 1
dif-dej 1
350
5
eai-dfa 2
hab-dfa 3
bfb-dfa 2
ege-dfa 3
fie-dfa 3
351
3
bde-dfb 1
e-dfb 9
ehb-dfb 1
352
7
cjc-dfc 1
eb-dfc 2
fgj-dfc 4
ghb-dfc 1
ca-dfc 2
fgg-dfc 2
ddc-dfc 1
353
6
bbae-dfd 1
bfcc-dfd 2
bga-dfd 1
idj-dfd 7
gcb-dfd 1
da-dfd 1
354
4
badc-dfe 1
ii-dfe 2
ejd-dfe 1
baac-dfe 8
355
5
jha-dff 1
ife-dff 1
gie-dff 3
heg-dff 1
hii-dff 7
356
3
eib-dfg 10
cdj-dfg 1
dhf-dfg 1
357
5
hg-dfh 1
bbcb-dfh 2
fee-dfh 3
fhb-dfh 4
beci-dfh 3
358
3
egd-dfi 2
baac-dfi 1
hgh-dfi 9
359
3
bbah-dfj 9
ejd-dfj 1
eb-dfj 1
360
5
cb-dga 1
fff-dga 3
bcdg-dga 8
dgi-dga 1
g-dga 1
361
2
cad-dgb 1
bcae-dgb 10
362
6
c-dgc 1
bc-dgc 1
jja-dgc 1
fib-dgc 4
bdbb-dgc 1
jic-dgc 5
363
9
badi-dgd 3
bajj-dgd 2
bfa-dgd 1
feh-dgd 1
cbc-dgd 1
bbjf-dgd 4
ifg-dgd 1
ebc-dgd 1
ifb-dgd 1
364
6
dc-dge 2
bccf-dge 6
beaa-dge 2
ef-dge 2
ifc-dge 1
hcj-dge 1
365
4
dhf-dgf 1
bbba-dgf 9
jfj-dgf 1
bffd-dgf 1
366
3
bced-dgg 5
dce-dgg 2
bg-dgg 5
367
2
idi-dgh 10
dff-dgh 1
368
5
bbf-dgi 1
cgg-dgi 1
deb-dgi 6
ibf-dgi 3
ceb-dgi 1
369
4
gg-dgj 6
bcab-dgj 2
ghb-dgj 1
bea-dgj 3
370
4
jhi-dha 2
ecg-dha 2
dji-dha 4
dij-dha 4
371
3
ebh-dhb 5
d-dhb 2
bajb-dhb 5
372
7
bbed-dhc 1
dbg-dhc 8
bbce-dhc 2
bdab-dhc 1
ccd-dhc 1
dfg-dhc 1
jii-dhc 1
373
6
fhc-dhd 1
cdi-dhd 1
dgh-dhd 3
ije-dhd 3
baeg-dhd 4
hfh-dhd 1
374
6
dca-dhe 1
bbhb-dhe 2
ieg-dhe 1
bbhi-dhe 5
ehb-dhe 1
bbii-dhe 3
375
5
bcf-dhf 1
baga-dhf 6
ebj-dhf 3
ich-dhf 1
cjd-dhf 1
376
4
beab-dhg 2
ida-dhg 1
bfe-dhg 7
begf-dhg 1
377
5
gbg-dhh 1
bdac-dhh 5
dgf-dhh 3
bbh-dhh 2
bbb-dhh 1
378
6
bbbb-dhi 1
fjf-dhi 1
bcab-dhi 1
fhf-dhi 2
ebh-dhi 1
ihg-dhi 7
379
7
icc-dhj 1
idf-dhj 4
fce-dhj 1
idc-dhj 1
begh-dhj 1
ddj-dhj 5
ecj-dhj 1
380
4
bdc-dia 1
hge-dia 1
ecg-dia 10
jcc-dia 1
381
4
ffd-dib 1
dhj-dib 6
bgg-dib 2
cfd-dib 2
382
8
hc-dic 1
jff-dic 1
hhd-dic 2
fh-dic 2
bbgj-dic 1
edj-dic 5
dih-dic 1
ebi-dic 2
383
6
dhg-did 3
eii-did 1
bgj-did 2
ccj-did 1
bab-did 4
hid-did 2
384
6
baag-die 7
fig-die 1
jeb-die 1
dci-die 1
fea-die 1
fac-die 3
385
3
gg-dif 1
cfc-dif 1
bbdh-dif 1
386
3
hih-dig 2
edj-dig 3
fcd-dig 7
387
2
fdg-dih 9
bbjg-dih 2
388
2
bdeg-dii 3
bage-dii 8
389
5
bacf-dij 1
cga-dij 1
eai-dij 1
ici-dij 9
hhe-dij 1
390
2
bdhi-dja 5
bhe-dja 5
391
2
jjj-djb 10
eee-djb 1
392
3
jaj-djc 8
ddi-djc 2
dba-djc 2
393
6
cie-djd 2
bejh-djd 3
jif-djd 1
ceb-djd 1
ifd-djd 4
jdd-djd 1
394
7
dbi-dje 1
ddc-dje 1
dbh-dje 1
beaj-dje 9
he-dje 1
hag-dje 1
bbj-dje 1
395
2
di-djf 5
eha-djf 5
396
7
baa-djg 1
bcc-djg 1
bceg-djg 2
hca-djg 4
efi-djg 3
jbc-djg 1
cji-djg 1
397
9
ebi-djh 2
cjc-djh 5
bdef-djh 4
bdh-djh 1
gai-djh 1
djb-djh 1
gdg-djh 1
beca-djh 1
bif-djh 1
398
4
cic-dji 2
cha-dji 2
hhj-dji 6
bahj-dji 2
399
6
egi-djj 1
caj-djj 1
bbc-djj 4
dda-djj 1
jib-djj 5
dec-djj 2
400
7
hbg-eaa 1
jbb-eaa 1
eji-eaa 1
bee-eaa 9
hjj-eaa 2
ghi-eaa 1
bif-eaa 1
401
4
bdha-eab 1
chi-eab 2
fh-eab 1
bbga-eab 8
402
5
bagg-eac 2
big-eac 1
jhi-eac 1
cej-eac 8
bcc-eac 1
403
4
chj-ead 1
caf-ead 7
dj-ead 1
dce-ead 2
404
7
fed-eae 1
icb-eae 10
gai-eae 1
gdc-eae 1
bic-eae 1
fhi-eae 1
edd-eae 1
405
4
fgj-eaf 5
ghj-eaf 1
fde-eaf 3
jc-eaf 3
406
5
hgb-eag 1
ca-eag 1
gff-eag 6
hea-eag 2
cfa-eag 1
407
5
eca-eah 1
gdj-eah 1
cgd-eah 1
bcaj-eah 1
bbcf-eah 9
408
4
ffa-eai 1
efh-eai 1
be-eai 1
bbec-eai 10
409
4
eae-eaj 1
jfa-eaj 1
beec-eaj 8
dfj-eaj 1
410
6
bif-eba 9
gih-eba 1
feb-eba 1
cee-eba 1
bebc-eba 1
bjj-eba 1
411
7
ffd-ebb 3
fff-ebb 2
fac-ebb 1
iij-ebb 5
ebg-ebb 1
ggb-ebb 1
beb-ebb 2
412
3
ecb-ebc 2
bjg-ebc 2
baej-ebc 6
413
8
dgi-ebd 1
ejb-ebd 1
cbb-ebd 1
badb-ebd 4
cag-ebd 1
bdae-ebd 5
bcce-ebd 1
had-ebd 1
414
6
df-ebe 5
dgb-ebe 1
hfg-ebe 1
ceb-ebe 1
ebb-ebe 2
bfhc-ebe 3
415
4
bge-ebf 2
ijf-ebf 5
fhf-ebf 3
bfd-ebf 2
416
3
dcf-ebg 4
fga-ebg 5
ghg-ebg 2
417
4
hdg-ebh 1
bahf-ebh 1
icg-ebh 10
daf-ebh 1
418
3
ebc-ebi 1
hfe-ebi 9
ebd-ebi 1
419
5
ghd-ebj 1
djj-ebj 2
ehi-ebj 2
igf-ebj 1
jgc-ebj 7
420
5
dhi-eca 1
eh-eca 1
jff-eca 1
jga-eca 9
dbf-eca 1
421
2
daj-ecb 1
bchc-ecb 10
422
10
idf-ecc 1
edi-ecc 1
cd-ecc 1
ejd-ecc 1
bdch-ecc 8
babd-ecc 1
bdie-ecc 1
gce-ecc 1
fbe-ecc 1
jc-ecc 1
423
3
dha-ecd 1
fba-ecd 1
jfj-ecd 10
424
4
eeh-ece 1
eaa-ece 8
ecd-ece 1
ici-ece 2
425
6
dc-ecf 1
beh-ecf 7
eed-ecf 1
cib-ecf 2
dgb-ecf 2
dh-ecf 1
426
3
dfa-ecg 1
fbc-ecg 1
bcca-ecg 10
427
5
bajd-ech 1
hcd-ech 9
jjc-ech 1
fcf-ech 1
dbh-ech 1
428
4
cei-eci 1
hcg-eci 7
dh-eci 1
jac-eci 3
429
3
fbc-ecj 3
ihi-ecj 7
gbj-ecj 1
430
7
dgb-eda 1
eai-eda 1
bdcg-eda 1
hbd-eda 1
igj-eda 1
bbdb-eda 3
dhf-eda 6
431
7
gdd-edb 5
fb-edb 1
jj-edb 2
gec-edb 2
eci-edb 1
iia-edb 1
ff-edb 1
432
5
ggi-edc 1
bhb-edc 1
dci-edc 1
ihi-edc 3
baa-edc 5
433
6
bdh-edd 2
bai-edd 1
cbe-edd 7
ebd-edd 1
gag-edd 1
dfa-edd 1
434
4
ffi-ede 1
jbb-ede 1
jh-ede 9
ejb-ede 1
435
6
bdfe-edf 4
bdag-edf 1
hba-edf 5
fah-edf 1
ci-edf 1
dic-edf 1
436
6
cde-edg 4
bgd-edg 1
ddc-edg 1
jgh-edg 3
ie-edg 1
ggd-edg 3
437
5
hcd-edh 2
dah-edh 1
cfj-edh 1
beb-edh 1
bbgb-edh 7
438
9
gie-edi 2
ccg-edi 1
eja-edi 2
cfj-edi 1
egf-edi 3
bjd-edi 1
gah-edi 1
baib-edi 1
bda-edi 1
439
3
cfb-edj 1
egj-edj 1
egf-edj 10
440
4
igj-eea 1
gcc-eea 4
bgj-eea 4
djh-eea 1
441
4
hgh-eeb 5
dec-eeb 2
bab-eeb 2
hei-eeb 3
442
4
bha-eec 1
hci-eec 5
dge-eec 5
cbe-eec 1
443
4
jhc-eed 1
fcg-eed 1
gcd-eed 1
iaa-eed 9
444
3
chb-eee 1
idg-eee 7
fgi-eee 4
445
5
dej-eef 1
bdg-eef 8
jad-eef 1
bie-eef 1
bdcd-eef 2
446
6
cfe-eeg 2
bfc-eeg 4
dji-eeg 3
dcc-eeg 2
badg-eeg 2
chg-eeg 1
447
3
bcc-eeh 2
fbd-eeh 3
gbb-eeh 7
448
5
bih-eei 1
ejc-eei 1
fii-eei 1
haj-eei 1
beed-eei 10
449
4
bbif-eej 2
chc-eej 1
bcag-eej 2
bcih-eej 7
450
7
jia-efa 4
hch-efa 4
cbb-efa 1
egc-efa 1
bccg-efa 2
ii-efa 1
dhd-efa 1
451
3
bbgj-efb 2
eib-efb 2
ehc-efb 8
452
4
hd-efc 1
fdg-efc 2
bhh-efc 2
ehd-efc 7
453
4
igj-efd 1
iac-efd 1
bbc-efd 1
fei-efd 10
454
2
bcdb-efe 10
ija-efe 1
455
5
bbed-eff 1
jge-eff 2
fff-eff 1
hgf-eff 1
bjf-eff 9
456
5
daf-efg 1
bbj-efg 1
bcad-efg 5
fii-efg 1
iib-efg 5
457
7
ded-efh 4
dci-efh 1
bbeg-efh 1
igc-efh 2
iic-efh 5
fde-efh 1
ibb-efh 1
458
3
icc-efi 2
eec-efi 7
eed-efi 3
459
6
bbfa-efj 4
fje-efj 1
gde-efj 2
fhc-efj 2
bbca-efj 3
efe-efj 2
460
8
bja-ega 7
bac-ega 1
icf-ega 1
feh-ega 1
cbg-ega 1
cgd-ega 1
bbac-ega 1
jca-ega 2
461
6
fdb-egb 1
hic-egb 2
efi-egb 1
jg-egb 1
cdg-egb 1
bcdf-egb 8
462
2
ccj-egc 3
ddc-egc 8
463
4
bdhg-egd 1
bbf-egd 1
ebd-egd 1
cfa-egd 10
464
6
dbb-ege 1
ecb-ege 3
bg-ege 1
ifi-ege 4
dib-ege 1
fdb-ege 2
465
4
cha-egf 1
eae-egf 4
ifd-egf 5
fge-egf 2
466
5
die-egg 1
eaj-egg 3
idd-egg 5
ed-egg 1
jia-egg 2
467
3
iid-egh 9
gah-egh 1
cii-egh 1
468
4
efa-egi 2
hef-egi 5
ghc-egi 1
cdi-egi 2
469
6
ibi-egj 1
jdg-egj 6
dbi-egj 2
ij-egj 1
baih-egj 3
jj-egj 1
470
6
bcbi-eha 1
fgd-eha 1
bjj-eha 1
cgh-eha 10
bbi-eha 1
eid-eha 1
471
4
bfc-ehb 1
hib-ehb 10
bj-ehb 1
fei-ehb 1
472
2
cdh-ehc 3
iad-ehc 8
473
4
hcb-ehd 10
bffb-ehd 1
hjj-ehd 1
dfd-ehd 1
474
4
ibh-ehe 8
hje-ehe 1
bebj-ehe 2
di-ehe 1
475
5
hgh-ehf 3
caa-ehf 1
fag-ehf 3
jgj-ehf 3
cac-ehf 2
476
5
bdgh-ehg 3
hda-ehg 3
ddb-ehg 1
edf-ehg 5
cgg-ehg 1
477
5
ecf-ehh 8
dad-ehh 1
had-ehh 1
gcc-ehh 1
dcc-ehh 1
478
3
fef-ehi 1
bbeg-ehi 2
jfd-ehi 9
479
4
hbj-ehj 2
eci-ehj 3
bcgj-ehj 5
baeh-ehj 1
480
5
efc-eia 2
cjj-eia 2
ddb-eia 3
bfa-eia 3
efb-eia 1
481
4
iih-eib 8
dg-eib 1
bcji-eib 1
bbbe-eib 3
482
5
bdfb-eic 6
fhi-eic 1
ebb-eic 1
befh-eic 1
bfef-eic 4
483
6
ejg-eid 1
hc-eid 2
bdg-eid 3
bddi-eid 2
fbg-eid 1
bfhj-eid 5
484
5
gbb-eie 6
gcf-eie 1
ffj-eie 4
baf-eie 1
bbaf-eie 1
485
4
daa-eif 2
fdf-eif 7
djj-eif 1
hac-eif 1
486
4
bfeh-eig 5
edi-eig 3
ede-eig 2
fdf-eig 2
487
5
cag-eih 3
jc-eih 1
daa-eih 2
efh-eih 2
ifi-eih 4
488
4
bfdi-eii 9
cfd-eii 1
bgb-eii 1
fij-eii 1
489
5
bje-eij 1
dcc-eij 3
dfg-eij 2
jae-eij 5
ief-eij 2
490
3
hej-eja 1
iaj-eja 2
babi-eja 9
491
3
bhc-ejb 2
ibd-ejb 8
cdi-ejb 1
492
6
ggd-ejc 3
gji-ejc 1
daj-ejc 1
bcbe-ejc 5
eia-ejc 1
hgb-ejc 1
493
2
iic-ejd 1
ige-ejd 10
494
6
iei-eje 4
bfj-eje 2
ebj-eje 2
ege-eje 1
gic-eje 1
cif-eje 2
495
3
ecf-ejf 1
bfja-ejf 9
bgb-ejf 2
496
4
ghb-ejg 1
chd-ejg 3
eb-ejg 1
feg-ejg 8
497
4
egb-ejh 4
iaa-ejh 2
bbi-ejh 2
idi-ejh 2
498
5
hfb-eji 4
d-eji 3
dih-eji 1
cgh-eji 2
cdd-eji 2
499
2
hif-ejj 2
chf-ejj 9
500
5
dhg-faa 1
ice-faa 3
deg-faa 2
bbba-faa 6
dfb-faa 1
501
2
dda-fab 4
dbf-fab 7
502
5
hdh-fac 1
cbi-fac 1
bbii-fac 6
hbc-fac 3
cbh-fac 1
503
6
bdjg-fad 2
baei-fad 7
iej-fad 2
fgd-fad 2
dih-fad 1
cfh-fad 1
504
4
baba-fae 6
bdia-fae 5
fje-fae 1
fej-fae 1
505
3
ice-faf 1
bcja-faf 5
hid-faf 4
506
5
dbf-fag 10
jif-fag 1
hcd-fag 1
bahb-fag 1
ggd-fag 1
507
2
jbj-fah 8
bjf-fah 3
508
5
eff-fai 1
bcj-fai 1
badj-fai 2
fdh-fai 8
gdj-fai 1
509
6
bhe-faj 5
ga-faj 1
ghi-faj 1
fgi-faj 1
iii-faj 1
ggb-faj 4
510
4
dii-fba 1
cdi-fba 1
bge-fba 1
bbdb-fba 10
511
5
fic-fbb 1
fid-fbb 1
jgi-fbb 8
jih-fbb 1
geh-fbb 1
512
4
ejh-fbc 3
fej-fbc 3
baag-fbc 3
eeg-fbc 3
513
5
eai-fbd 1
jhc-fbd 5
hej-fbd 3
bih-fbd 3
ejj-fbd 1
514
3
bceh-fbe 9
fgi-fbe 1
bajc-fbe 1
515
2
jbh-fbf 1
dhj-fbf 1
516
2
dff-fbg 3
edb-fbg 8
517
6
hca-fbh 1
ib-fbh 1
fdh-fbh 4
bcjg-fbh 2
bc-fbh 3
fgb-fbh 2
518
5
dcc-fbi 1
bjb-fbi 6
ebf-fbi 3
cfg-fbi 1
eah-fbi 1
519
6
hb-fbj 1
beig-fbj 1
hdc-fbj 9
fch-fbj 1
fdc-fbj 1
ieg-fbj 1
520
5
bcie-fca 1
jib-fca 2
bccg-fca 4
dce-fca 1
gaj-fca 5
521
5
bhb-fcb 1
h-fcb 1
bcdf-fcb 9
hbb-fcb 2
fij-fcb 1
522
4
gic-fcc 1
fjh-fcc 1
gbd-fcc 1
bfca-fcc 8
523
4
cba-fcd 10
cae-fcd 1
hib-fcd 1
ghf-fcd 1
524
3
gia-fce 2
baec-fce 8
gjh-fce 1
525
7
baib-fcf 3
ebi-fcf 2
bff-fcf 1
ehe-fcf 6
ejd-fcf 1
cce-fcf 1
cgf-fcf 1
526
4
gcc-fcg 9
eig-fcg 1
bcah-fcg 1
bbe-fcg 1
527
8
bcee-fch 2
hfc-fch 1
fcf-fch 1
eae-fch 3
cjb-fch 1
bfgh-fch 1
beaj-fch 1
ecb-fch 3
528
8
dei-fci 1
iei-fci 1
fhg-fci 1
bjf-fci 1
bbea-fci 3
dfd-fci 1
dfh-fci 4
iba-fci 4
529
6
hge-fcj 4
egd-fcj 2
fcg-fcj 1
heb-fcj 1
ghc-fcj 2
ffb-fcj 2
530
6
edf-fda 2
bhi-fda 2
gca-fda 1
bhj-fda 1
bbbd-fda 4
cfd-fda 3
531
5
ccf-fdb 1
bcga-fdb 1
eha-fdb 9
def-fdb 1
ffg-fdb 1
532
6
cif-fdc 2
dhh-fdc 2
bahi-fdc 6
dad-fdc 1
eg-fdc 1
bbjb-fdc 1
533
9
hid-fdd 1
baei-fdd 5
baif-fdd 1
bei-fdd 1
edd-fdd 4
bfha-fdd 1
eaf-fdd 1
bfie-fdd 1
dfb-fdd 1
534
3
fih-fde 2
egb-fde 5
jj-fde 5
535
6
gdc-fdf 2
fdg-fdf 1
bade-fdf 1
cgg-fdf 1
ibe-fdf 7
fbj-fdf 1
536
5
bdhg-fdg 3
bhi-fdg 1
gbh-fdg 1
gje-fdg 1
bach-fdg 6
537
7
bcjh-fdh 1
deb-fdh 7
ffa-fdh 2
hjd-fdh 1
gf-fdh 1
cjd-fdh 1
cdc-fdh 1
538
2
bh-fdi 1
jii-fdi 10
539
2
bdfh-fdj 9
hbh-fdj 2
540
5
caf-fea 1
bbia-fea 5
bdcd-fea 5
bceb-fea 2
ee-fea 1
541
6
ibd-feb 2
cid-feb 1
dfh-feb 2
ih-feb 1
hgh-feb 1
ieb-feb 7
542
3
bfij-fec 2
ffe-fec 1
bfcg-fec 9
543
5
eac-fed 1
fjd-fed 1
fdh-fed 1
hdi-fed 6
bbhb-fed 4
544
5
ecb-fee 3
bbaa-fee 4
fff-fee 1
ihf-fee 3
be-fee 1
545
5
bfdg-fef 8
dfe-fef 1
bdad-fef 1
bbfh-fef 1
je-fef 2
546
6
bi-feg 1
ijc-feg 1
ihh-feg 1
bd-feg 1
hgh-feg 10
bcgj-feg 1
547
5
bbdc-feh 1
chc-feh 1
hei-feh 2
bch-feh 1
djg-feh 8
548
6
begd-fei 8
fbi-fei 1
ffc-fei 1
dbc-fei 1
bcgi-fei 1
eeg-fei 1
549
4
dfe-fej 4
hhe-fej 3
eji-fej 1
gcg-fej 4
550
5
gch-ffa 3
idb-ffa 2
bfef-ffa 6
dce-ffa 1
df-ffa 1
551
7
i-ffb 1
ica-ffb 3
jfe-ffb 1
gda-ffb 1
cbd-ffb 1
cfd-ffb 1
dab-ffb 5
552
4
ejg-ffc 1
bgc-ffc 2
hbb-ffc 8
bdj-ffc 1
553
3
dij-ffd 9
jaf-ffd 1
eia-ffd 1
554
2
hdc-ffe 8
baba-ffe 3
555
7
fgj-fff 1
chc-fff 1
edi-fff 1
jbf-fff 2
hfd-fff 3
baj-fff 2
baae-fff 3
556
2
ffi-ffg 1
cca-ffg 1
557
2
fja-ffh 1
e-ffh 10
558
5
fed-ffi 1
cif-ffi 2
gaj-ffi 1
cdj-ffi 3
bcdd-ffi 5
559
4
baid-ffj 2
dfd-ffj 2
gfi-ffj 7
gih-ffj 2
560
8
igi-fga 1
eae-fga 3
bdib-fga 1
ceb-fga 1
gei-fga 2
bhe-fga 5
bbhg-fga 1
cie-fga 1
561
3
dba-fgb 1
eei-fgb 1
gff-fgb 10
562
5
dgd-fgc 1
jad-fgc 1
bagf-fgc 9
dbd-fgc 1
cjb-fgc 1
563
6
fb-fgd 1
dij-fgd 1
ffa-fgd 1
bie-fgd 1
bfic-fgd 6
bfff-fgd 3
564
2
ibf-fge 1
gjf-fge 10
565
2
def-fgf 3
ha-fgf 7
566
2
ice-fgg 6
bih-fgg 4
567
3
jjf-fgh 3
dbh-fgh 2
jcf-fgh 6
568
4
dfg-fgi 10
eeh-fgi 1
bcbi-fgi 1
hjf-fgi 1
569
4
bdc-fgj 1
ghj-fgj 10
egh-fgj 1
gbh-fgj 1
570
3
bfig-fha 1
bfi-fha 2
fhc-fha 9
571
6
hfe-fhb 1
beeb-fhb 3
bajf-fhb 1
beaa-fhb 1
feb-fhb 1
bfcb-fhb 8
572
6
cba-fhc 1
bfed-fhc 9
bbi-fhc 1
hch-fhc 1
ijj-fhc 1
bgea-fhc 1
573
4
dea-fhd 1
dgi-fhd 1
cih-fhd 5
hic-fhd 4
574
5
ebh-fhe 4
dic-fhe 1
gge-fhe 2
jbe-fhe 2
hci-fhe 4
575
2
gad-fhf 8
ffb-fhf 3
576
4
fjc-fhg 4
da-fhg 1
bbfh-fhg 6
jbb-fhg 1
577
2
cba-fhh 1
fde-fhh 1
578
4
bcgj-fhi 2
bja-fhi 7
jcb-fhi 3
idd-fhi 1
579
5
fag-fhj 4
ii-fhj 3
gaj-fhj 1
fgf-fhj 1
bgde-fhj 2
580
4
gcc-fia 9
hga-fia 2
bb-fia 1
cdd-fia 1
581
3
bag-fib 1
fgb-fib 9
gjb-fib 1
582
6
ifh-fic 1
ijd-fic 1
hgg-fic 1
cea-fic 4
cif-fic 1
bgaj-fic 7
583
6
cih-fid 2
cdd-fid 1
bbaa-fid 9
hh-fid 1
fh-fid 1
gif-fid 1
584
3
efe-fie 6
ffb-fie 1
bccf-fie 4
585
4
bbc-fif 1
bfcg-fif 3
gge-fif 7
ibj-fif 2
586
6
bfj-fig 2
dec-fig 2
gfa-fig 1
ejg-fig 2
eib-fig 5
bjc-fig 1
587
3
id-fih 6
ed-fih 2
bcc-fih 2
588
4
bagb-fii 4
gde-fii 3
bcfh-fii 2
haf-fii 2
589
3
bdfi-fij 2
fdf-fij 2
ebj-fij 6
590
3
edj-fja 10
bhf-fja 1
cih-fja 1
591
9
cja-fjb 1
gcg-fjb 1
gef-fjb 4
hae-fjb 5
hc-fjb 1
bggb-fjb 1
caa-fjb 1
egg-fjb 1
cij-fjb 1
592
5
hdf-fjc 1
bcff-fjc 1
dbg-fjc 1
baee-fjc 1
cie-fjc 9
593
2
cif-fjd 8
ecc-fjd 2
594
4
hdj-fje 1
fba-fje 3
hci-fje 4
bbac-fje 4
595
3
fhc-fjf 4
jhf-fjf 3
bahg-fjf 4
596
2
bcfe-fjg 9
bhg-fjg 2
597
6
babb-fjh 1
ei-fjh 1
ddd-fjh 1
g-fjh 3
baij-fjh 5
fdf-fjh 1
598
9
ehf-fji 1
bgb-fji 1
bddi-fji 1
hh-fji 1
cdf-fji 1
fij-fji 1
jbi-fji 4
ejc-fji 1
iga-fji 3
599
3
ddi-fjj 3
gj-fjj 2
bbg-fjj 7
600
4
gie-gaa 1
gbb-gaa 1
gjf-gaa 1
bacj-gaa 10
601
3
ejg-gab 1
ca-gab 1
gdh-gab 10
602
3
fbf-gac 1
cca-gac 1
ijf-gac 1
603
6
bf-gad 1
jjh-gad 1
hij-gad 3
bdfe-gad 6
cdf-gad 1
bjc-gad 1
604
7
ceb-gae 1
ghc-gae 2
bfi-gae 5
eig-gae 1
bd-gae 2
hca-gae 2
jci-gae 1
605
2
bjh-gaf 1
cig-gaf 1
606
5
bahg-gag 2
dgc-gag 3
dff-gag 1
bcba-gag 1
jij-gag 3
607
5
ici-gah 1
cjc-gah 1
cdd-gah 1
iaf-gah 7
fac-gah 2
608
2
daa-gai 4
gff-gai 7
609
4
iae-gaj 1
bcde-gaj 2
ccf-gaj 1
di-gaj 9
610
5
bbib-gba 4
fdi-gba 1
gcb-gba 1
hgc-gba 1
bbge-gba 6
611
6
dhf-gbb 2
efh-gbb 1
bfjj-gbb 3
becb-gbb 1
cgb-gbb 2
eja-gbb 5
612
6
bbh-gbc 1
hb-gbc 2
baab-gbc 7
bej-gbc 1
ga-gbc 1
bbhc-gbc 2
613
4
bbcd-gbd 5
fcb-gbd 5
gca-gbd 1
cg-gbd 1
614
3
bbch-gbe 1
bgfd-gbe 1
fcj-gbe 1
615
4
fgd-gbf 3
bdcf-gbf 3
bbeh-gbf 2
ccj-gbf 4
616
4
dga-gbg 2
bbcb-gbg 2
dhh-gbg 6
hhb-gbg 2
617
3
ff-gbh 9
ejj-gbh 1
dje-gbh 2
618
7
ifc-gbi 4
dbi-gbi 1
bbeh-gbi 4
dib-gbi 1
bacg-gbi 1
cfd-gbi 1
ej-gbi 1
619
4
eaa-gbj 1
jej-gbj 1
bbfi-gbj 8
gch-gbj 2
620
7
iid-gca 1
jig-gca 1
gfd-gca 2
ddd-gca 2
haj-gca 3
bbfc-gca 1
hbg-gca 4
621
6
cab-gcb 4
bfbd-gcb 6
bafh-gcb 1
jca-gcb 1
bch-gcb 1
bbbb-gcb 1
622
8
bafc-gcc 4
ejb-gcc 1
bbii-gcc 1
cdh-gcc 5
iie-gcc 1
baee-gcc 1
baad-gcc 1
gaj-gcc 1
623
4
bgbi-gcd 1
egf-gcd 8
ja-gcd 1
bbjd-gcd 2
624
3
fai-gce 6
bdfi-gce 2
dhb-gce 2
625
3
baii-gcf 4
cgj-gcf 5
daf-gcf 2
626
4
hgd-gcg 1
chg-gcg 1
cce-gcg 1
ijg-gcg 8
627
5
cih-gch 1
eja-gch 1
ffb-gch 1
bdc-gch 9
fjh-gch 1
628
6
gid-gci 1
ghh-gci 1
fdc-gci 1
igb-gci 6
bga-gci 2
cea-gci 3
629
2
ebb-gcj 9
ged-gcj 2
630
2
bdcf-gda 3
ihh-gda 8
631
4
bbg-gdb 1
cb-gdb 1
eah-gdb 10
bdci-gdb 1
632
5
gbe-gdc 2
ifc-gdc 4
babf-gdc 2
cah-gdc 2
igj-gdc 2
633
4
hfi-gdd 2
dgb-gdd 3
efh-gdd 2
bcag-gdd 6
634
5
baeb-gde 7
hed-gde 1
gah-gde 1
cdd-gde 2
gba-gde 1
635
4
bchf-gdf 6
gfe-gdf 4
bhc-gdf 1
hjh-gdf 1
636
5
hag-gdg 2
db-gdg 1
bddj-gdg 8
gfd-gdg 1
bajh-gdg 1
637
4
if-gdh 1
jci-gdh 10
bdfd-gdh 1
iih-gdh 1
638
4
caj-gdi 1
ega-gdi 1
fde-gdi 1
jcc-gdi 1
639
3
cei-gdj 1
gjg-gdj 8
dib-gdj 3
640
5
dea-gea 6
edi-gea 2
jh-gea 1
eaa-gea 2
cda-gea 1
641
5
hhd-geb 7
begg-geb 2
eff-geb 1
hfa-geb 1
fcb-geb 1
642
2
ihd-gec 8
ffc-gec 2
643
5
ccj-ged 1
deh-ged 1
bdbj-ged 1
haj-ged 1
dja-ged 1
644
1
dda-gee 1
645
4
gfh-gef 1
dfi-gef 8
gij-gef 1
bdgj-gef 2
646
4
cie-geg 3
gaj-geg 2
baaa-geg 1
bfcj-geg 6
647
4
iai-geh 1
gah-geh 1
bjh-geh 1
jg-geh 10
648
4
eeb-gei 1
iba-gei 3
ffa-gei 2
daf-gei 6
649
5
bge-gej 1
cab-gej 1
gda-gej 1
hgi-gej 6
fec-gej 4
650
2
hbc-gfa 5
bgeg-gfa 5
651
4
bcbi-gfb 1
gfj-gfb 1
jhj-gfb 10
g-gfb 1
652
4
bche-gfc 3
baha-gfc 4
ccf-gfc 1
bcb-gfc 4
653
3
bdbg-gfd 7
hjb-gfd 1
gch-gfd 3
654
3
bif-gfe 1
baci-gfe 9
hfa-gfe 1
655
7
ehe-gff 1
bga-gff 1
hh-gff 1
eci-gff 1
egf-gff 1
jbi-gff 1
idi-gff 9
656
4
cef-gfg 1
chc-gfg 1
jaj-gfg 1
bahh-gfg 9
657
4
iga-gfh 5
jaj-gfh 3
bi-gfh 1
ffb-gfh 3
658
5
ghc-gfi 1
dbd-gfi 1
ech-gfi 1
becd-gfi 10
jeh-gfi 1
659
3
dgd-gfj 1
ejh-gfj 1
bdba-gfj 1
660
3
gbc-gga 1
hhe-gga 1
bhe-gga 10
661
4
eae-ggb 7
bee-ggb 3
igf-ggb 1
bej-ggb 1
662
2
id-ggc 3
bgae-ggc 8
663
4
igd-ggd 2
cjh-ggd 1
djj-ggd 2
jhh-ggd 8
664
9
efd-gge 7
ifg-gge 1
bfid-gge 1
beai-gge 1
gaj-gge 1
beg-gge 1
ehc-gge 1
bdc-gge 1
eeb-gge 1
665
5
jfj-ggf 8
hab-ggf 1
ibj-ggf 1
feh-ggf 2
bcdj-ggf 1
666
4
bih-ggg 1
die-ggg 1
caf-ggg 1
dij-ggg 10
667
1
cab-ggh 1
668
3
cbc-ggi 1
cgh-ggi 8
bfc-ggi 3
669
3
cfa-ggj 1
idj-ggj 1
hai-ggj 1
670
4
gii-gha 2
gdh-gha 4
bfgj-gha 1
ifc-gha 6
671
6
bbfg-ghb 4
bbff-ghb 1
ccg-ghb 1
bgef-ghb 2
idb-ghb 3
bgae-ghb 2
672
8
jjf-ghc 1
bch-ghc 2
begg-ghc 1
fea-ghc 1
fhi-ghc 2
cib-ghc 2
efi-ghc 1
beid-ghc 5
673
3
did-ghd 2
egj-ghd 8
bae-ghd 1
674
3
ggg-ghe 4
cji-ghe 4
ccb-ghe 4
675
2
ggb-ghf 1
fhh-ghf 1
676
4
fdj-ghg 1
fhb-ghg 7
dhh-ghg 2
cej-ghg 2
677
3
fdi-ghh 1
cbc-ghh 8
bacj-ghh 2
678
4
bge-ghi 1
hai-ghi 2
daf-ghi 8
cic-ghi 1
679
5
eig-ghj 1
hec-ghj 1
fcd-ghj 1
bcbc-ghj 9
fdb-ghj 1
680
4
hbf-gia 4
ccg-gia 1
egg-gia 4
ied-gia 3
681
3
bbhf-gib 10
ehj-gib 1
cic-gib 1
682
5
fed-gic 2
bbga-gic 1
bjc-gic 1
dhi-gic 8
gge-gic 1
683
2
cjj-gid 10
ddg-gid 1
684
3
ihe-gie 1
iih-gie 9
ici-gie 2
685
5
bcdi-gif 1
hge-gif 7
jea-gif 3
gdf-gif 1
bcig-gif 1
686
4
gj-gig 2
ijf-gig 4
cec-gig 2
bbe-gig 2
687
5
baai-gih 1
die-gih 2
badc-gih 8
bbfb-gih 1
fic-gih 1
688
3
baab-gii 8
ib-gii 3
cgf-gii 1
689
5
fgh-gij 1
ehf-gij 2
bei-gij 3
ehh-gij 2
ibd-gij 5
690
2
bajc-gja 2
ecd-gja 9
691
1
ebc-gjb 1
692
5
hji-gjc 3
behb-gjc 4
hg-gjc 1
ca-gjc 1
gbe-gjc 5
693
4
bji-gjd 1
hfh-gjd 1
cba-gjd 1
gad-gjd 1
694
4
bbdf-gje 3
b-gje 1
eca-gje 1
bhc-gje 7
695
3
hdh-gjf 2
dig-gjf 4
ieg-gjf 6
696
6
egg-gjg 2
dci-gjg 1
bbic-gjg 2
behg-gjg 4
bdda-gjg 3
bfb-gjg 1
697
3
dfd-gjh 2
cje-gjh 1
cbg-gjh 9
698
2
bbgf-gji 4
ghe-gji 7
699
4
cg-gjj 1
hhe-gjj 2
fbi-gjj 1
iii-gjj 8
700
4
bjj-haa 3
bcea-haa 6
dbe-haa 2
dg-haa 1
701
3
gc-hab 3
fij-hab 3
bcfg-hab 5
702
4
gid-hac 1
bcbg-hac 4
eif-hac 1
gdb-hac 6
703
6
jc-had 1
iec-had 1
gh-had 1
bahi-had 1
hd-had 1
bjh-had 1
704
6
bbic-hae 5
idb-hae 1
ije-hae 1
chi-hae 4
hea-hae 2
fac-hae 1
705
5
bbcd-haf 1
jji-haf 1
cdd-haf 1
jda-haf 10
gic-haf 1
706
6
bcgb-hag 2
ecj-hag 1
hje-hag 6
dic-hag 1
dfg-hag 1
beje-hag 1
707
4
ghg-hah 1
dcd-hah 1
efj-hah 3
fda-hah 8
708
3
hfh-hai 8
bfh-hai 1
bce-hai 2
709
6
ejj-haj 1
ggj-haj 1
bbhd-haj 1
hjd-haj 1
bdjj-haj 1
gj-haj 1
710
3
gee-hba 1
bega-hba 3
bdbi-hba 7
711
4
cfb-hbb 3
fac-hbb 6
eee-hbb 1
cgj-hbb 2
712
3
jdg-hbc 5
bdif-hbc 1
ffc-hbc 5
713
6
iah-hbd 1
bdff-hbd 9
bcbd-hbd 1
bei-hbd 1
jjf-hbd 1
eij-hbd 1
714
3
edh-hbe 1
fji-hbe 4
fc-hbe 7
715
3
jf-hbf 2
fcf-hbf 8
dga-hbf 1
716
5
egh-hbg 2
bdjf-hbg 4
ife-hbg 3
gde-hbg 3
jh-hbg 1
717
4
babe-hbh 7
ifg-hbh 1
dbj-hbh 1
ci-hbh 4
718
2
egd-hbi 4
jfh-hbi 7
719
2
bedf-hbj 8
jge-hbj 3
720
7
jid-hca 2
g-hca 1
cib-hca 2
hcf-hca 2
ibe-hca 4
ejj-hca 1
ead-hca 2
721
5
ffe-hcb 1
jba-hcb 1
cha-hcb 1
bdfa-hcb 1
bahd-hcb 10
722
2
cie-hcc 6
iee-hcc 4
723
5
jee-hcd 8
hhf-hcd 1
bdhb-hcd 1
ghf-hcd 1
bgi-hcd 2
724
7
eab-hce 2
beaf-hce 2
gfj-hce 1
dha-hce 1
bchf-hce 3
bde-hce 1
ejf-hce 4
725
5
b-hcf 2
bbae-hcf 1
gad-hcf 7
cih-hcf 1
hhc-hcf 1
726
4
ibf-hcg 6
jjg-hcg 1
ja-hcg 2
baed-hcg 3
727
4
jcb-hch 2
ghe-hch 2
fci-hch 4
gdg-hch 5
728
5
baef-hci 1
geh-hci 2
ggi-hci 5
bdff-hci 2
fbf-hci 1
729
6
jd-hcj 1
eec-hcj 3
bbbg-hcj 1
bbgd-hcj 7
hdb-hcj 1
ejb-hcj 1
730
5
ffb-hda 4
dec-hda 5
idc-hda 2
eda-hda 1
ea-hda 1
731
4
fei-hdb 1
jh-hdb 1
bfhg-hdb 8
bejg-hdb 3
732
6
gig-hdc 1
cej-hdc 1
bdac-hdc 3
befb-hdc 5
jbf-hdc 3
cbi-hdc 1
733
4
bdg-hdd 9
bcf-hdd 1
ejb-hdd 1
cih-hdd 1
734
3
gdj-hde 1
bbjf-hde 3
jfh-hde 8
735
5
dci-hdf 2
fad-hdf 1
bcfg-hdf 1
bbha-hdf 6
gbh-hdf 3
736
3
eba-hdg 1
fjc-hdg 10
dac-hdg 1
737
3
ihb-hdh 4
baga-hdh 1
fec-hdh 7
738
3
bic-hdi 1
beah-hdi 9
iae-hdi 1
739
4
eci-hdj 3
haa-hdj 6
bci-hdj 1
jbj-hdj 1
740
8
bdfd-hea 1
fdf-hea 2
cb-hea 1
befg-hea 4
jjg-hea 1
djb-hea 3
bcji-hea 1
jb-hea 1
741
2
icg-heb 9
fab-heb 1
742
4
bdda-hec 2
bdhc-hec 6
bfjg-hec 2
fai-hec 2
743
3
bcbg-hed 7
ffe-hed 3
bfei-hed 1
744
3
gbf-hee 3
bfhd-hee 8
ijb-hee 1
745
5
bge-hef 1
bjd-hef 9
beg-hef 1
gha-hef 1
bfch-hef 2
746
3
bcdd-heg 9
ceb-heg 1
fid-heg 1
747
4
ggc-heh 2
ed-heh 1
dcb-heh 2
hii-heh 7
748
3
if-hei 7
fad-hei 3
ie-hei 1
749
4
cec-hej 4
ccd-hej 2
gcc-hej 1
bgbd-hej 5
750
5
befe-hfa 3
jhg-hfa 2
jga-hfa 1
dgc-hfa 5
bdi-hfa 1
751
5
egc-hfb 1
bff-hfb 3
beh-hfb 1
gc-hfb 2
icd-hfb 5
752
3
gjh-hfc 7
gab-hfc 2
bcdc-hfc 3
753
4
eih-hfd 7
bad-hfd 2
bcec-hfd 2
ddc-hfd 1
754
4
bahd-hfe 7
gac-hfe 1
dfb-hfe 1
ejg-hfe 4
755
3
bbci-hff 2
hge-hff 4
bacc-hff 4
756
3
ij-hfg 1
bbac-hfg 10
gfd-hfg 1
757
5
ede-hfh 8
bbaj-hfh 1
eci-hfh 1
ibb-hfh 1
ihf-hfh 2
758
3
beih-hfi 10
heb-hfi 1
eci-hfi 1
759
3
jfc-hfj 1
bfhi-hfj 9
gaa-hfj 2
760
2
fdb-hga 2
bbg-hga 9
761
6
iaj-hgb 1
hfc-hgb 5
bccd-hgb 2
bdf-hgb 2
dfj-hgb 1
gcc-hgb 2
762
4
dej-hgc 1
fia-hgc 4
hje-hgc 5
fea-hgc 2
763
2
bbfa-hgd 6
bedb-hgd 5
764
3
beff-hge 10
efg-hge 1
jdc-hge 1
765
4
bci-hgf 1
fea-hgf 2
bafe-hgf 6
icd-hgf 3
766
3
ddc-hgg 3
baib-hgg 4
ehf-hgg 4
767
2
deg-hgh 1
dej-hgh 10
768
4
hah-hgi 1
cdb-hgi 2
baai-hgi 1
baja-hgi 8
769
2
bbjj-hgj 1
bji-hgj 1
770
6
bi-hha 1
baad-hha 2
ii-hha 1
ihj-hha 6
hdd-hha 2
dag-hha 1
771
5
bbaj-hhb 1
gfa-hhb 3
fj-hhb 1
dfa-hhb 2
bbaa-hhb 5
772
3
beff-hhc 10
eia-hhc 1
fhc-hhc 1
773
4
ch-hhd 1
bdec-hhd 2
bbd-hhd 1
gaa-hhd 9
774
5
bdfa-hhe 2
gja-hhe 1
fcd-hhe 1
eff-hhe 7
dji-hhe 1
775
4
bcf-hhf 5
bafj-hhf 5
dag-hhf 2
ed-hhf 1
776
4
hbb-hhg 3
ga-hhg 1
dgd-hhg 6
bcd-hhg 1
777
2
haa-hhh 6
ebd-hhh 4
778
2
dcj-hhi 1
bdci-hhi 10
779
7
chi-hhj 1
beb-hhj 1
cbg-hhj 1
idc-hhj 1
bfag-hhj 7
hie-hhj 1
jec-hhj 2
780
3
dbf-hia 1
bbie-hia 2
jdd-hia 8
781
3
ccc-hib 1
bbi-hib 10
bbfb-hib 1
782
4
dhd-hic 2
chh-hic 1
bgcf-hic 8
dcc-hic 2
783
2
cjh-hid 1
bgdg-hid 1
784
2
bgbb-hie 8
bjg-hie 2
785
3
fje-hif 5
ggc-hif 4
cii-hif 3
786
3
gb-hig 1
fig-hig 9
che-hig 1
787
5
eii-hih 1
ddh-hih 8
iaf-hih 2
bdbe-hih 1
bfg-hih 1
788
4
djb-hii 1
jaj-hii 1
cgi-hii 10
fej-hii 1
789
6
bji-hij 5
bbbd-hij 1
dif-hij 4
fj-hij 1
jff-hij 1
hag-hij 1
790
2
fae-hja 6
gbd-hja 5
791
3
cfh-hjb 10
cbb-hjb 1
bde-hjb 1
792
7
hbi-hjc 1
edj-hjc 1
gaj-hjc 1
bfhe-hjc 5
hcc-hjc 1
bbfi-hjc 5
ifd-hjc 1
793
2
fef-hjd 10
bbd-hjd 1
794
2
fgj-hje 4
bdja-hje 7
795
3
gid-hjf 1
edj-hjf 9
beji-hjf 2
796
7
gci-hjg 2
igd-hjg 1
jdh-hjg 1
gdj-hjg 2
jgg-hjg 2
cfa-hjg 3
eda-hjg 2
797
2
bcg-hjh 3
caj-hjh 8
798
3
bba-hji 1
hfj-hji 10
iac-hji 1
799
7
fe-hjj 1
cjf-hjj 1
bace-hjj 1
beea-hjj 1
gah-hjj 4
fgd-hjj 5
bgc-hjj 1
800
6
jcg-iaa 5
eef-iaa 1
deb-iaa 1
dhc-iaa 6
ead-iaa 1
cij-iaa 1
801
3
cdh-iab 1
bdbh-iab 2
ech-iab 9
802
3
eic-iac 2
hbi-iac 7
hia-iac 2
803
5
jcd-iad 1
d-iad 2
cba-iad 1
cgd-iad 8
dd-iad 1
804
5
cib-iae 1
fjd-iae 1
bcd-iae 1
cdf-iae 10
cjg-iae 1
805
4
gjf-iaf 9
ejf-iaf 1
jd-iaf 1
ecj-iaf 1
806
4
ihd-iag 1
begg-iag 1
ejg-iag 1
bage-iag 10
807
2
dad-iah 9
fei-iah 2
808
4
gf-iai 1
jh-iai 1
dje-iai 9
beja-iai 1
809
3
gci-iaj 2
gbh-iaj 1
bddg-iaj 8
810
5
bbba-iba 5
ejb-iba 1
bafb-iba 5
bcb-iba 2
bbbj-iba 1
811
2
iha-ibb 10
bead-ibb 1
812
2
egb-ibc 3
bbgf-ibc 8
813
2
bdhd-ibd 3
bgcj-ibd 8
814
3
bbcc-ibe 7
jbe-ibe 1
fba-ibe 4
815
3
dih-ibf 4
dje-ibf 2
bffh-ibf 5
816
4
ceb-ibg 1
efj-ibg 1
fhg-ibg 7
bafg-ibg 2
817
3
bahj-ibh 1
babb-ibh 6
eja-ibh 5
818
5
jib-ibi 1
fdi-ibi 6
gi-ibi 1
fii-ibi 1
bjc-ibi 3
819
4
bbdb-ibj 3
dfd-ibj 5
hae-ibj 1
bbcd-ibj 3
820
5
jde-ica 1
bcfh-ica 2
becf-ica 6
edc-ica 1
dgi-ica 3
821
3
fhj-icb 1
fib-icb 1
hfi-icb 10
822
2
fdh-icc 5
edb-icc 5
823
5
eig-icd 1
jaa-icd 1
hcd-icd 2
jaj-icd 4
hj-icd 5
824
3
hgi-ice 1
jfh-ice 1
ehd-ice 10
825
4
dbb-icf 2
cih-icf 2
bcha-icf 1
fce-icf 7
826
3
bcdi-icg 2
bjj-icg 8
gcg-icg 1
827
2
djd-ich 1
beei-ich 10
828
3
cj-ici 1
dfa-ici 1
jc-ici 10
829
2
jie-icj 10
hbe-icj 1
830
5
bcfd-ida 9
hee-ida 1
jbh-ida 1
ehj-ida 1
bhf-ida 1
831
7
cdh-idb 1
jcb-idb 1
fce-idb 2
cii-idb 1
ghi-idb 4
bach-idb 4
bfjd-idb 1
832
3
iij-idc 1
gjg-idc 10
djj-idc 1
833
4
fih-idd 1
fj-idd 1
bfda-idd 8
bbah-idd 2
834
3
fgc-ide 1
dcd-ide 1
cbf-ide 1
835
5
dii-idf 3
efa-idf 3
jhi-idf 1
dh-idf 5
bajg-idf 1
836
4
bagf-idg 1
ic-idg 1
dhd-idg 9
bfi-idg 2
837
3
hhg-idh 4
bad-idh 4
gdg-idh 4
838
5
bgfa-idi 7
baeh-idi 1
bbdd-idi 1
hhc-idi 1
ech-idi 3
839
3
bcc-idj 6
fdj-idj 5
bgf-idj 1
840
4
chb-iea 1
bebf-iea 10
bij-iea 1
eeb-iea 1
841
3
bdaj-ieb 1
fhb-ieb 8
bbie-ieb 2
842
5
hfg-iec 10
hfh-iec 1
bbca-iec 1
fgf-iec 1
iff-iec 1
843
4
jac-ied 5
bche-ied 1
bbid-ied 5
hhb-ied 1
844
3
bdcd-iee 2
baje-iee 5
efc-iee 5
845
4
bfc-ief 5
bbah-ief 4
ea-ief 1
hag-ief 2
846
5
hcd-ieg 2
ebg-ieg 1
ffh-ieg 2
fjj-ieg 1
idd-ieg 7
847
4
bge-ieh 1
caj-ieh 1
bjg-ieh 1
bchj-ieh 9
848
6
efg-iei 5
hgi-iei 5
bcgb-iei 1
dbf-iei 1
gdf-iei 1
behf-iei 1
849
2
bdi-iej 1
bbh-iej 10
850
5
bdih-ifa 1
bbbi-ifa 2
bdbe-ifa 1
ccc-ifa 3
hcf-ifa 6
851
3
bagh-ifb 4
fgh-ifb 1
dfh-ifb 7
852
6
fdj-ifc 1
gfa-ifc 1
jid-ifc 2
ejj-ifc 1
cee-ifc 1
bchg-ifc 7
853
4
bah-ifd 1
cf-ifd 3
bbhd-ifd 7
ijh-ifd 1
854
3
dad-ife 3
hjf-ife 8
bbdj-ife 1
855
5
jgf-iff 1
bjb-iff 1
cgi-iff 1
fb-iff 1
efe-iff 9
856
3
be-ifg 4
bgeb-ifg 7
jci-ifg 1
857
4
baai-ifh 2
eif-ifh 1
baga-ifh 2
cid-ifh 7
858
2
badf-ifi 3
bcci-ifi 8
859
2
chb-ifj 1
ffi-ifj 1
860
2
gfj-iga 2
ebb-iga 9
861
2
gb-igb 1
cif-igb 10
862
3
eaf-igc 2
bcgi-igc 9
gh-igc 1
863
3
ife-igd 4
ggg-igd 6
hfd-igd 1
864
3
dbj-ige 2
hjc-ige 8
dbi-ige 1
865
1
egi-igf 1
866
2
ejj-igg 1
babd-igg 1
867
1
hag-igh 1
868
3
bcbj-igi 5
bbg-igi 5
gag-igi 1
869
4
jba-igj 5
gih-igj 1
dde-igj 3
bdie-igj 4
870
4
bcdj-iha 8
bbfe-iha 1
hgf-iha 2
jfa-iha 1
871
2
eii-ihb 1
bbcj-ihb 10
872
3
jfd-ihc 2
ehj-ihc 8
eba-ihc 2
873
4
behh-ihd 6
bgei-ihd 1
fj-ihd 1
bbdd-ihd 5
874
3
hdi-ihe 4
hdg-ihe 6
hdj-ihe 1
875
5
ijj-ihf 1
eh-ihf 1
cfb-ihf 1
bbad-ihf 8
bfcc-ihf 1
876
4
gbf-ihg 1
cdj-ihg 4
gij-ihg 6
bcj-ihg 1
877
3
gih-ihh 2
eef-ihh 1
cib-ihh 8
878
5
bdgf-ihi 10
jg-ihi 1
bebh-ihi 1
hdb-ihi 1
gjh-ihi 1
879
2
caf-ihj 8
cef-ihj 3
880
3
fgb-iia 10
fid-iia 1
hfh-iia 1
881
5
baeb-iib 8
id-iib 2
chd-iib 1
bafa-iib 1
cfb-iib 1
882
4
fag-iic 5
iie-iic 1
gfa-iic 1
jje-iic 5
883
4
iae-iid 2
ffa-iid 7
bfei-iid 1
cej-iid 2
884
5
bgc-iie 1
bec-iie 2
bejf-iie 4
cbb-iie 2
jee-iie 4
885
2
bbei-iif 6
hif-iif 5
886
3
hjb-iig 1
hcg-iig 9
ddg-iig 1
887
1
hbj-iih 1
888
4
dhi-iii 1
bbib-iii 1
gje-iii 1
jab-iii 1
889
2
baaa-iij 1
fih-iij 1
890
3
iaa-ija 4
dbj-ija 4
bcfe-ija 2
891
1
ega-ijb 1
892
4
bcij-ijc 2
hg-ijc 3
cgi-ijc 4
bbf-ijc 3
893
3
beda-ijd 9
gdh-ijd 1
hfi-ijd 2
894
4
beef-ije 7
bbbj-ije 3
bef-ije 1
gda-ije 1
895
2
bj-ijf 9
hei-ijf 2
896
2
behi-ijg 10
ig-ijg 1
897
2
bii-ijh 8
hhg-ijh 3
898
2
cbj-iji 1
gd-iji 1
899
2
iaf-ijj 8
cff-ijj 3
900
3
bbjh-jaa 9
cf-jaa 1
jbg-jaa 1
901
3
gbe-jab 7
baej-jab 3
djh-jab 2
902
5
bgg-jac 2
ghg-jac 3
ejj-jac 3
hca-jac 2
ibb-jac 3
903
3
bcij-jad 8
dgj-jad 1
djc-jad 1
904
3
bbih-jae 9
ee-jae 1
cja-jae 1
905
2
bdig-jaf 8
bgd-jaf 3
906
3
cbc-jag 6
cg-jag 4
bdij-jag 1
907
6
bajg-jah 1
fie-jah 2
bcif-jah 1
cfe-jah 1
bchh-jah 5
baia-jah 4
908
5
bbbg-jai 4
gbj-jai 5
hah-jai 1
bffi-jai 1
efa-jai 2
909
2
ebd-jaj 10
iic-jaj 1
910
3
bdef-jba 2
cgd-jba 1
gej-jba 8
911
2
dhg-jbb 7
gjc-jbb 4
912
2
jca-jbc 9
gbg-jbc 2
913
3
dij-jbd 4
bgh-jbd 2
bfad-jbd 5
914
3
de-jbe 3
fbj-jbe 7
bbig-jbe 2
915
5
bedi-jbf 9
cc-jbf 1
hai-jbf 1
jbe-jbf 1
gfg-jbf 1
916
5
igc-jbg 1
bjd-jbg 1
baie-jbg 4
bdid-jbg 2
ehd-jbg 6
917
3
bji-jbh 1
dbd-jbh 5
babf-jbh 5
918
2
bdcc-jbi 10
hai-jbi 1
919
5
hdc-jbj 3
ejd-jbj 3
daa-jbj 2
jhb-jbj 2
ieg-jbj 1
920
4
idf-jca 2
jde-jca 1
fdh-jca 1
jfg-jca 8
921
4
hhf-jcb 2
gae-jcb 4
ihh-jcb 1
faj-jcb 5
922
3
gfb-jcc 9
fej-jcc 2
fjg-jcc 1
923
4
hgh-jcd 5
ied-jcd 1
jcc-jcd 4
bagh-jcd 1
924
2
hdb-jce 1
bafi-jce 1
925
3
igj-jcf 7
djc-jcf 2
ghe-jcf 2
926
3
cfj-jcg 1
ggg-jcg 10
babe-jcg 1
927
2
hhh-jch 1
ejb-jch 1
928
6
beia-jci 1
hhe-jci 1
bfbf-jci 8
fch-jci 1
gih-jci 3
fb-jci 1
929
3
bcf-jcj 1
ceb-jcj 1
bch-jcj 1
930
3
bdig-jda 10
cjb-jda 1
bgdf-jda 1
931
5
bbaj-jdb 1
jji-jdb 1
hge-jdb 4
jhc-jdb 2
cgf-jdb 3
932
3
jc-jdc 2
hbh-jdc 2
gdh-jdc 7
933
3
dic-jdd 3
ffh-jdd 1
dhc-jdd 7
934
6
ha-jde 1
bi-jde 9
bdgi-jde 1
bie-jde 1
baad-jde 1
bcjb-jde 1
935
1
cbe-jdf 1
936
7
ibi-jdg 2
gea-jdg 2
cjh-jdg 1
bh-jdg 1
dhj-jdg 5
bhb-jdg 2
fbf-jdg 1
937
1
ea-jdh 1
938
2
dfb-jdi 1
ggh-jdi 1
939
4
ja-jdj 1
eic-jdj 2
dhb-jdj 1
jfj-jdj 8
940
2
ije-jea 10
ef-jea 1
941
2
dha-jeb 1
jad-jeb 1
942
5
ehc-jec 5
bgb-jec 1
badg-jec 2
bdfg-jec 2
dae-jec 2
943
1
djc-jed 1
944
4
hjb-jee 10
cfg-jee 1
ceg-jee 1
ej-jee 1
945
5
bbje-jef 4
bbfe-jef 1
beh-jef 1
badj-jef 6
fad-jef 2
946
2
bbj-jeg 9
baib-jeg 1
947
3
bafe-jeh 2
bgdb-jeh 6
ddj-jeh 4
948
2
eff-jei 7
jja-jei 4
949
3
ehb-jej 5
dch-jej 5
fgj-jej 1
950
4
bhe-jfa 3
fdj-jfa 5
iec-jfa 2
chb-jfa 1
951
3
ebb-jfb 7
cge-jfb 2
bbdb-jfb 3
952
3
cgh-jfc 2
jgb-jfc 9
egb-jfc 1
953
2
fbd-jfd 3
babc-jfd 8
954
4
bcif-jfe 1
c-jfe 2
bfgb-jfe 9
egf-jfe 1
955
3
ee-jff 1
egg-jff 6
bfeb-jff 5
956
4
ghc-jfg 1
ega-jfg 5
bccb-jfg 6
fic-jfg 1
957
5
ddc-jfh 1
gfb-jfh 7
bffj-jfh 2
fdf-jfh 2
eij-jfh 1
958
4
befa-jfi 6
eib-jfi 1
dii-jfi 1
bbj-jfi 5
959
5
bcc-jfj 1
eac-jfj 1
bdhe-jfj 10
jfa-jfj 1
bcaj-jfj 1
960
5
fdf-jga 1
bfcd-jga 10
bagg-jga 1
bfcf-jga 1
bfab-jga 1
961
2
ecd-jgb 1
idg-jgb 1
962
5
bba-jgc 1
babj-jgc 2
cfa-jgc 1
ibd-jgc 6
ied-jgc 2
963
5
iee-jgd 1
ghb-jgd 1
djc-jgd 1
cac-jgd 1
ihg-jgd 1
964
5
bedj-jge 2
gbf-jge 1
dda-jge 1
bagf-jge 1
bcgj-jge 7
965
5
i-jgf 7
fbf-jgf 1
bhg-jgf 1
hhj-jgf 3
fjd-jgf 1
966
3
bajc-jgg 4
heh-jgg 5
cfd-jgg 2
967
2
jcb-jgh 5
dfc-jgh 6
968
2
iae-jgi 10
gjf-jgi 1
969
3
hfb-jgj 1
baaj-jgj 1
eca-jgj 1
970
4
ghd-jha 5
efh-jha 1
jia-jha 6
bea-jha 1
971
1
ejg-jhb 1
972
4
hei-jhc 2
ced-jhc 2
gga-jhc 1
eej-jhc 7
973
2
geb-jhd 2
gba-jhd 9
974
3
jae-jhe 3
jih-jhe 1
bbai-jhe 7
975
4
fch-jhf 1
bajj-jhf 7
gid-jhf 1
behe-jhf 3
976
2
hde-jhg 9
fbi-jhg 2
977
3
gab-jhh 2
bfia-jhh 8
gej-jhh 1
978
3
bagi-jhi 3
fca-jhi 1
bcj-jhi 8
979
2
fda-jhj 1
eei-jhj 1
980
7
bded-jia 6
ecc-jia 2
hdd-jia 1
ddg-jia 1
bje-jia 1
baca-jia 1
baac-jia 1
981
4
bjf-jib 3
bab-jib 2
iac-jib 5
gda-jib 1
982
2
igj-jic 9
hff-jic 2
983
4
bgfj-jid 6
bdgd-jid 1
jff-jid 4
cag-jid 1
984
3
cij-jie 2
hdb-jie 2
baih-jie 7
985
4
dge-jif 2
bb-jif 4
hah-jif 5
bdih-jif 1
986
3
bbe-jig 1
gha-jig 8
bafi-jig 2
987
3
jhi-jih 2
gfi-jih 2
bfa-jih 7
988
4
ihe-jii 1
cei-jii 2
bjh-jii 1
ddf-jii 9
989
2
ge-jij 8
bah-jij 3
990
1
idh-jja 1
991
6
ihg-jjb 1
cjc-jjb 2
bdi-jjb 2
jif-jjb 1
ieg-jjb 1
hja-jjb 5
992
3
jbg-jjc 2
jhg-jjc 1
bcgb-jjc 8
993
1
daj-jjd 1
994
5
hdd-jje 1
bbcg-jje 5
ej-jje 1
badd-jje 1
baig-jje 4
995
2
hja-jjf 9
ccf-jjf 2
996
2
efa-jjg 4
gfc-jjg 7
997
1
geh-jjh 1
998
2
hef-jji 10
j-jji 1
999
3
edg-jjj 1
baea-jjj 1
bcci-jjj 10
1000
1
fgi-baaa 1
1001
5
bc-baab 1
ifd-baab 4
bbdf-baab 1
jeg-baab 6
efi-baab 1
1002
2
jbh-baac 9
hig-baac 2
1003
4
ceb-baad 7
bbbh-baad 3
ehj-baad 1
jcd-baad 1
1004
2
dib-baae 1
eje-baae 10
1005
2
baae-baaf 9
bdej-baaf 2
1006
5
cdc-baag 1
fc-baag 1
beja-baag 1
ffj-baag 2
jci-baag 9
1007
2
baef-baah 10
jab-baah 1
1008
4
bacb-baai 3
dgd-baai 1
baha-baai 6
igj-baai 2
1009
1
ceb-baaj 1
1010
5
ehi-baba 9
jdf-baba 1
dfi-baba 1
haj-baba 1
bbfb-baba 1
1011
3
edh-babb 1
djh-babb 10
ggi-babb 1
1012
5
if-babc 2
baif-babc 1
jga-babc 1
ege-babc 1
beag-babc 7
1013
3
dfe-babd 9
bddi-babd 1
gec-babd 2
1014
4
cjc-babe 1
dbj-babe 1
ebj-babe 9
ije-babe 2
1015
2
begj-babf 10
ceg-babf 1
1016
3
bdhd-babg 5
bbdj-babg 1
beba-babg 6
1017
2
baia-babh 5
cbg-babh 6
1018
3
gd-babi 1
baij-babi 7
cdb-babi 3
1019
3
bbcg-babj 5
fdc-babj 5
bfib-babj 1
1020
1
igh-baca 1
1021
6
jg-bacb 3
bgbj-bacb 4
jhb-bacb 1
heb-bacb 2
bcje-bacb 3
jce-bacb 1
1022
3
feg-bacc 1
hbc-bacc 1
gdb-bacc 10
1023
2
hjh-bacd 1
jgf-bacd 1
1024
2
bbcd-bace 6
dhb-bace 5
1025
1
ifd-bacf 1
1026
2
bgdb-bacg 6
cja-bacg 4
1027
3
bih-bach 9
fdd-bach 1
baag-bach 1
1028
2
egi-baci 1
ejc-baci 10
1029
4
ib-bacj 1
bada-bacj 1
ibj-bacj 1
iha-bacj 9
1030
4
hej-bada 3
ecj-bada 1
bbcf-bada 4
gdb-bada 4
1031
3
dcd-badb 2
bdf-badb 7
bddf-badb 3
1032
3
cad-badc 1
hfg-badc 2
ifg-badc 9
1033
3
jc-badd 1
gh-badd 1
bcac-badd 10
1034
2
ji-bade 1
ega-bade 1
1035
2
bhf-badf 1
fgh-badf 1
1036
2
jhi-badg 6
bbbf-badg 5
1037
2
bbgj-badh 8
fhe-badh 3
1038
2
ghg-badi 1
bbdi-badi 10
1039
4
ijj-badj 1
ff-badj 1
bjf-badj 9
bbhf-badj 1
1040
4
he-baea 1
cid-baea 2
hdd-baea 9
jgg-baea 1
1041
4
bdcj-baeb 9
bbaf-baeb 1
fd-baeb 1
iag-baeb 1
1042
5
jaa-baec 2
hbg-baec 4
ccb-baec 1
jha-baec 6
bcac-baec 1
1043
1
djc-baed 1
1044
2
baeg-baee 1
fdj-baee 1
1045
4
bdbf-baef 1
efd-baef 2
fi-baef 8
gj-baef 1
1046
4
bcef-baeg 6
hhd-baeg 2
baic-baeg 1
jdc-baeg 3
1047
2
ihg-baeh 3
dfd-baeh 8
1048
4
bagg-baei 5
bhc-baei 1
bcig-baei 6
chj-baei 1
1049
4
bdij-baej 1
bdfj-baej 5
hih-baej 1
bbhh-baej 6
1050
5
hgc-bafa 1
dgj-bafa 4
jdj-bafa 2
babe-bafa 4
cff-bafa 1
1051
4
bcji-bafb 1
baah-bafb 1
gdg-bafb 7
bbbd-bafb 3
1052
4
hii-bafc 9
jce-bafc 1
gfg-bafc 1
bbef-bafc 2
1053
2
fei-bafd 1
cfa-bafd 10
1054
3
dhc-bafe 1
fdd-bafe 10
bgf-bafe 1
1055
2
bfif-baff 10
hcj-baff 1
1056
1
fdd-bafg 1
1057
1
jbd-bafh 1
1058
4
bhj-bafi 6
bbgf-bafi 1
chi-bafi 3
bag-bafi 3
1059
3
hef-bafj 10
bcag-bafj 1
gfi-bafj 1
1060
2
bbag-baga 10
ded-baga 1
1061
2
fhb-bagb 10
bcgd-bagb 1
1062
1
gie-bagc 1
1063
3
ibg-bagd 2
hgd-bagd 8
beg-bagd 2
1064
4
bbcj-bage 1
babh-bage 1
jfb-bage 1
jhf-bage 10
1065
2
bede-bagf 10
bgd-bagf 1
1066
5
jid-bagg 1
hgb-bagg 3
bbgh-bagg 1
baie-bagg 2
fcb-bagg 6
1067
6
cde-bagh 2
ijg-bagh 2
cgf-bagh 4
gje-bagh 4
jbd-bagh 1
eab-bagh 1
1068
3
bcac-bagi 9
ehh-bagi 1
ggh-bagi 1
1069
3
bad-bagj 1
bgj-bagj 1
jhd-bagj 10
1070
2
bgcc-baha 8
bcgf-baha 3
1071
2
bgah-bahb 8
cgc-bahb 2
1072
2
fcj-bahc 1
hbg-bahc 1
1073
6
dii-bahd 1
dbb-bahd 8
beij-bahd 2
efa-bahd 1
behd-bahd 1
bcgf-bahd 1
1074
2
iaa-bahe 1
bcdi-bahe 1
1075
2
bagd-bahf 8
ffi-bahf 3
1076
2
bgc-bahg 1
gjc-bahg 10
1077
4
hea-bahh 2
bedg-bahh 4
jab-bahh 1
bahg-bahh 5
1078
4
ia-bahi 1
hab-bahi 2
ghc-bahi 8
ceh-bahi 1
1079
2
fbe-bahj 6
ghi-bahj 5
1080
3
bgg-baia 10
gaf-baia 1
jif-baia 1
1081
2
iac-baib 7
hih-baib 4
1082
3
babi-baic 3
bcgg-baic 3
iaa-baic 5
1083
2
bejd-baid 7
ib-baid 4
1084
5
chg-baie 2
efc-baie 3
bai-baie 2
iaf-baie 4
bade-baie 3
1085
2
ha-baif 1
jcb-baif 1
1086
4
hif-baig 4
ihc-baig 1
edd-baig 4
jgh-baig 3
1087
6
bbgd-baih 1
eea-baih 1
gcf-baih 2
becj-baih 7
bcej-baih 1
bcgf-baih 1
1088
2
ffj-baii 3
bbab-baii 8
1089
3
ife-baij 9
bha-baij 2
bfh-baij 1
1090
4
bif-baja 2
cgg-baja 1
bcfj-baja 5
cdh-baja 3
1091
3
bdfg-bajb 2
ji-bajb 4
bafj-bajb 6
1092
3
hih-bajc 1
bbae-bajc 5
dhb-bajc 6
1093
4
hha-bajd 8
hhg-bajd 1
bfjc-bajd 2
edc-bajd 1
1094
4
iej-baje 4
bdab-baje 1
hhe-baje 1
gfi-baje 6
1095
5
bcje-bajf 1
bbgi-bajf 10
jeb-bajf 1
jcd-bajf 1
eca-bajf 1
1096
2
fi-bajg 5
cgf-bajg 5
1097
2
bia-bajh 5
hba-bajh 6
1098
2
bhf-baji 1
baje-baji 10
1099
3
eci-bajj 1
bajf-bajj 10
ejh-bajj 1
1100
3
ghb-bbaa 1
bcfa-bbaa 10
beeg-bbaa 1
1101
2
cde-bbab 1
bbfc-bbab 10
1102
4
fed-bbac 1
dce-bbac 8
iif-bbac 1
bejd-bbac 1
1103
2
bbag-bbad 5
jbh-bbad 6
1104
6
hg-bbae 1
eah-bbae 1
gid-bbae 1
gc-bbae 8
bgba-bbae 1
bcfc-bbae 1
1105
2
hhg-bbaf 2
eff-bbaf 9
1106
3
bbbc-bbag 1
gff-bbag 1
bcbd-bbag 1
1107
4
beci-bbah 5
bfjh-bbah 1
fhe-bbah 3
cja-bbah 4
1108
3
bdch-bbai 1
bhj-bbai 9
bafj-bbai 1
1109
1
ich-bbaj 1
1110
5
babb-bbba 1
cgd-bbba 1
hdb-bbba 9
hde-bbba 1
jid-bbba 1
1111
1
hed-bbbb 1
1112
1
dff-bbbc 1
1113
4
baec-bbbd 5
bgab-bbbd 5
bbh-bbbd 1
icb-bbbd 1
1114
3
bccj-bbbe 7
bcc-bbbe 3
dhj-bbbe 2
1115
3
gej-bbbf 2
faj-bbbf 2
cef-bbbf 6
1116
3
baci-bbbg 1
ief-bbbg 6
icb-bbbg 4
1117
2
ehg-bbbh 8
bagc-bbbh 3
1118
2
bac-bbbi 10
gee-bbbi 1
1119
3
bgdj-bbbj 7
big-bbbj 2
bahe-bbbj 3
1120
2
jcc-bbca 10
bdd-bbca 1
1121
6
jfd-bbcb 4
hih-bbcb 4
fbc-bbcb 1
ccc-bbcb 1
iee-bbcb 2
djj-bbcb 3
1122
2
bgf-bbcc 1
hbd-bbcc 10
1123
3
baii-bbcd 5
jjd-bbcd 1
gje-bbcd 5
1124
2
iff-bbce 7
gde-bbce 4
1125
2
bbae-bbcf 1
fhc-bbcf 10
1126
3
fcg-bbcg 1
bdid-bbcg 3
ccj-bbcg 7
1127
1
icb-bbch 1
1128
2
bie-bbci 1
babh-bbci 10
1129
2
hee-bbcj 9
bbbb-bbcj 2
1130
3
jde-bbda 10
ehh-bbda 1
bbji-bbda 1
1131
5
bfdj-bbdb 1
bbf-bbdb 1
ifa-bbdb 5
idc-bbdb 4
hjj-bbdb 1
1132
1
jh-bbdc 1
1133
5
eii-bbdd 2
gid-bbdd 2
fgh-bbdd 1
bci-bbdd 6
beb-bbdd 2
1134
2
hce-bbde 1
jif-bbde 1
1135
3
gbc-bbdf 1
gbi-bbdf 9
baed-bbdf 2
1136
3
bid-bbdg 1
bhc-bbdg 4
bgdc-bbdg 6
1137
3
eef-bbdh 1
ghb-bbdh 8
bcjd-bbdh 3
1138
3
bcba-bbdi 1
hbh-bbdi 8
baee-bbdi 3
1139
1
ghi-bbdj 1
1140
3
dfh-bbea 1
df-bbea 8
cga-bbea 2
1141
5
bffc-bbeb 1
ihd-bbeb 6
bbae-bbeb 3
bbde-bbeb 2
ji-bbeb 1
1142
2
bcie-bbec 10
cai-bbec 1
1143
3
ijf-bbed 1
jc-bbed 1
ebg-bbed 1
1144
2
bdee-bbee 10
gcj-bbee 1
1145
4
ce-bbef 1
fjf-bbef 1
badd-bbef 2
fjb-bbef 9
1146
3
bcjg-bbeg 4
eca-bbeg 5
bgbc-bbeg 2
1147
2
ghj-bbeh 1
eg-bbeh 10
1148
2
eif-bbei 4
gej-bbei 7
1149
3
bcbb-bbej 7
fci-bbej 2
fja-bbej 2
1150
2
jf-bbfa 1
bacc-bbfa 10
1151
5
bdah-bbfb 1
ghj-bbfb 1
baji-bbfb 6
bbgg-bbfb 4
fgd-bbfb 1
1152
2
bfej-bbfc 1
ibh-bbfc 10
1153
4
ebc-bbfd 1
eaa-bbfd 7
bdje-bbfd 1
bdcj-bbfd 4
1154
2
chg-bbfe 1
bbgi-bbfe 10
1155
6
ihi-bbff 2
jig-bbff 1
bdjd-bbff 4
hg-bbff 1
fcc-bbff 4
dbh-bbff 1
1156
4
fea-bbfg 1
bcjh-bbfg 1
bfee-bbfg 9
eee-bbfg 1
1157
3
gec-bbfh 2
bbjg-bbfh 9
efd-bbfh 1
1158
3
bfhb-bbfi 2
bbej-bbfi 9
bace-bbfi 1
1159
4
cje-bbfj 1
cbc-bbfj 2
ifc-bbfj 8
babh-bbfj 1
1160
2
eji-bbga 2
jbc-bbga 9
1161
4
hgd-bbgb 2
jff-bbgb 1
hi-bbgb 8
iic-bbgb 1
1162
1
bafa-bbgc 1
1163
2
bgag-bbgd 1
bh-bbgd 1
1164
4
ddd-bbge 1
eb-bbge 5
ihg-bbge 1
bbff-bbge 5
1165
1
fcj-bbgf 1
1166
4
ca-bbgg 1
bdai-bbgg 6
gfh-bbgg 2
bcde-bbgg 3
1167
2
bbei-bbgh 1
bcfe-bbgh 1
1168
4
jgi-bbgi 10
bfi-bbgi 1
jab-bbgi 1
bdgi-bbgi 1
1169
4
hjc-bbgj 1
bbcj-bbgj 1
bejh-bbgj 5
eah-bbgj 5
1170
2
fbe-bbha 2
begi-bbha 9
1171
2
iec-bbhb 10
djd-bbhb 1
1172
3
bca-bbhc 1
cbh-bbhc 9
jdi-bbhc 1
1173
4
bdb-bbhd 4
j-bbhd 5
bced-bbhd 2
ece-bbhd 1
1174
4
id-bbhe 1
fh-bbhe 1
bbgb-bbhe 8
gfe-bbhe 1
1175
3
dia-bbhf 10
baif-bbhf 1
bfec-bbhf 1
1176
1
bai-bbhg 1
1177
2
beee-bbhh 10
bcjf-bbhh 1
1178
2
hgi-bbhi 9
bfge-bbhi 2
1179
1
c-bbhj 1
1180
3
ij-bbia 2
edb-bbia 5
ei-bbia 5
1181
2
ibb-bbib 1
bdi-bbib 1
1182
2
befc-bbic 1
iab-bbic 10
1183
1
bbdd-bbid 1
1184
3
dee-bbie 4
bbhj-bbie 1
def-bbie 7
1185
2
bij-bbif 2
dcj-bbif 9
1186
1
cig-bbig 1
1187
2
gc-bbih 9
bfd-bbih 1
1188
2
jhc-bbii 1
bfgf-bbii 10
1189
3
cdd-bbij 1
beci-bbij 1
bbdf-bbij 10
1190
2
bacb-bbja 2
fec-bbja 9
1191
2
gje-bbjb 3
ffj-bbjb 8
1192
3
bbha-bbjc 1
bhc-bbjc 1
ii-bbjc 9
1193
1
jig-bbjd 1
1194
1
cbd-bbje 1
1195
4
dji-bbjf 1
haj-bbjf 8
fcj-bbjf 1
jbg-bbjf 3
1196
3
bbfe-bbjg 2
bagj-bbjg 8
hjb-bbjg 1
1197
2
jih-bbjh 2
bcjb-bbjh 9
1198
3
hhi-bbji 5
bch-bbji 4
ijh-bbji 3
1199
1
cig-bbjj 1
1200
2
bgb-bcaa 9
bbie-bcaa 2
1201
4
jjj-bcab 2
bchi-bcab 3
dfi-bcab 2
gce-bcab 4
1202
3
fa-bcac 8
had-bcac 1
hac-bcac 2
1203
3
bgcb-bcad 7
hcd-bcad 1
bdf-bcad 4
1204
2
ibg-bcae 8
bdaj-bcae 3
1205
3
bcda-bcaf 8
bbha-bcaf 3
jh-bcaf 1
1206
2
bgch-bcag 10
babb-bcag 1
1207
2
eed-bcah 1
dhh-bcah 1
1208
2
bbcj-bcai 1
bej-bcai 1
1209
1
bbji-bcaj 1
1210
2
gfc-bcba 4
ejb-bcba 7
1211
3
die-bcbb 6
bdbj-bcbb 5
hag-bcbb 1
1212
5
bcij-bcbc 1
dbe-bcbc 2
bafj-bcbc 7
ef-bcbc 1
bbai-bcbc 1
1213
1
baca-bcbd 1
1214
2
bdd-bcbe 7
gda-bcbe 4
1215
2
bged-bcbf 6
igc-bcbf 5
1216
3
behc-bcbg 2
dbh-bcbg 1
iea-bcbg 8
1217
1
bhg-bcbh 1
1218
3
jcf-bcbi 2
jdd-bcbi 8
bfcf-bcbi 2
1219
3
bcch-bcbj 2
hgc-bcbj 3
hjj-bcbj 7
1220
4
behj-bcca 1
fb-bcca 1
jfe-bcca 10
bdhj-bcca 1
1221
3
egb-bccb 5
bcag-bccb 1
cid-bccb 6
1222
1
edj-bccc 1
1223
3
ced-bccd 1
behg-bccd 4
bfed-bccd 7
1224
2
iib-bcce 4
eci-bcce 7
1225
2
bfhd-bccf 10
bajb-bccf 1
1226
2
begg-bccg 8
badf-bccg 3
1227
1
hjg-bcch 1
1228
2
bcae-bcci 1
hjd-bcci 10
1229
6
hci-bccj 3
bdeb-bccj 1
bg-bccj 1
gbe-bccj 6
dci-bccj 1
cfg-bccj 2
1230
3
ijd-bcda 3
beii-bcda 1
dh-bcda 8
1231
3
bbeb-bcdb 10
bddd-bcdb 1
baci-bcdb 1
1232
4
ghb-bcdc 1
bccd-bcdc 9
bfga-bcdc 1
bcj-bcdc 1
1233
3
bdid-bcdd 2
bagh-bcdd 7
bbfh-bcdd 2
1234
5
cba-bcde 2
bcha-bcde 1
beje-bcde 4
gic-bcde 2
baji-bcde 4
1235
2
bbef-bcdf 1
ge-bcdf 1
1236
3
chc-bcdg 3
hjc-bcdg 7
jje-bcdg 2
1237
2
faf-bcdh 8
bchf-bcdh 3
1238
3
hee-bcdi 4
cfg-bcdi 7
becb-bcdi 1
1239
1
fdb-bcdj 1
1240
2
bbhj-bcea 1
becb-bcea 1
1241
2
bfcf-bceb 1
idj-bceb 10
1242
1
dgj-bcec 1
1243
2
bbbc-bced 1
bcjd-bced 1
1244
6
iai-bcee 3
ffd-bcee 3
bdca-bcee 1
bdja-bcee 4
gdf-bcee 2
ejh-bcee 2
1245
2
fbj-bcef 10
fbb-bcef 1
1246
1
cca-bceg 1
1247
4
bdae-bceh 6
bbdf-bceh 4
bge-bceh 1
fab-bceh 1
1248
1
bci-bcei 1
1249
3
jfh-bcej 7
ef-bcej 1
gif-bcej 3
1250
2
djh-bcfa 1
jfh-bcfa 10
1251
1
gbc-bcfb 1
1252
2
jbj-bcfc 2
cig-bcfc 9
1253
3
jeh-bcfd 1
idg-bcfd 10
beie-bcfd 1
1254
2
fca-bcfe 1
jh-bcfe 1
1255
4
hfh-bcff 2
iie-bcff 2
begg-bcff 6
ddd-bcff 1
1256
2
fjj-bcfg 10
bcje-bcfg 1
1257
1
egd-bcfh 1
1258
1
ihe-bcfi 1
1259
4
cig-bcfj 1
bchb-bcfj 9
jii-bcfj 1
ibc-bcfj 1
1260
1
ghc-bcga 1
1261
2
eai-bcgb 8
jae-bcgb 3
1262
2
beih-bcgc 10
bahc-bcgc 1
1263
2
gba-bcgd 1
bcid-bcgd 1
1264
3
bgh-bcge 3
bddi-bcge 1
baih-bcge 8
1265
1
bbga-bcgf 1
1266
2
bfhf-bcgg 10
beej-bcgg 1
1267
2
cbj-bcgh 2
bdjg-bcgh 9
1268
4
hce-bcgi 4
bfh-bcgi 1
bge-bcgi 2
fca-bcgi 5
1269
3
beae-bcgj 6
bdbg-bcgj 4
bfci-bcgj 2
1270
2
deh-bcha 8
dgg-bcha 3
1271
2
hhd-bchb 2
bdfj-bchb 9
1272
2
cej-bchc 10
bdb-bchc 1
1273
2
jbd-bchd 6
bdaf-bchd 5
1274
2
becg-bche 5
gcd-bche 5
1275
2
bfag-bchf 9
hdj-bchf 2
1276
4
hga-bchg 3
hhj-bchg 2
idc-bchg 1
bebi-bchg 6
1277
5
hhi-bchh 2
bcjj-bchh 6
bbij-bchh 2
bcjb-bchh 1
cjb-bchh 1
1278
2
ifh-bchi 5
bcdj-bchi 6
1279
3
jcd-bchj 1
gdd-bchj 1
bafi-bchj 1
1280
5
baid-bcia 1
hhg-bcia 1
bgec-bcia 8
ibc-bcia 1
hid-bcia 1
1281
4
bdcc-bcib 1
dde-bcib 2
bfgd-bcib 5
bje-bcib 5
1282
1
iji-bcic 1
1283
2
ged-bcid 1
bede-bcid 1
1284
3
bebd-bcie 1
bbgh-bcie 1
eic-bcie 10
1285
2
bdjb-bcif 8
jhh-bcif 3
1286
1
fae-bcig 1
1287
1
cae-bcih 1
1288
3
jeh-bcii 6
cga-bcii 4
bafh-bcii 2
1289
1
ebd-bcij 1
1290
3
hhd-bcja 6
ica-bcja 1
bbfi-bcja 4
1291
2
dba-bcjb 7
bcaa-bcjb 4
1292
2
bbdg-bcjc 5
bbaf-bcjc 5
1293
1
hdf-bcjd 1
1294
1
bbfh-bcje 1
1295
4
dde-bcjf 4
fda-bcjf 1
bdjc-bcjf 6
bedc-bcjf 2
1296
2
eii-bcjg 9
jce-bcjg 2
1297
1
dch-bcjh 1
1298
2
dg-bcji 1
ida-bcji 10
1299
2
fig-bcjj 4
bfgi-bcjj 7
1300
3
gcj-bdaa 2
edh-bdaa 8
eba-bdaa 1
1301
2
iji-bdab 6
bdib-bdab 5
1302
2
gba-bdac 5
cgb-bdac 6
1303
3
ch-bdad 6
dja-bdad 4
jdi-bdad 1
1304
2
bahi-bdae 6
bbif-bdae 5
1305
1
ga-bdaf 1
1306
1
badg-bdag 1
1307
2
beeg-bdah 4
ibd-bdah 7
1308
2
bajh-bdai 4
baij-bdai 7
1309
2
hed-bdaj 6
je-bdaj 5
1310
1
bbch-bdba 1
1311
1
jeh-bdbb 1
1312
1
bcgf-bdbc 1
1313
1
cdg-bdbd 1
1314
1
hh-bdbe 1
1315
1
hf-bdbf 1
1316
3
hdj-bdbg 4
ddc-bdbg 4
bfii-bdbg 4
1317
1
jhg-bdbh 1
1318
2
bfbc-bdbi 3
dbc-bdbi 8
1319
4
jfa-bdbj 4
dhe-bdbj 2
bbci-bdbj 1
gid-bdbj 5
1320
1
fej-bdca 1
1321
2
cii-bdcb 3
ibj-bdcb 8
1322
2
iig-bdcc 2
bdhf-bdcc 9
1323
2
bdgd-bdcd 6
bbcb-bdcd 5
1324
1
jfc-bdce 1
1325
1
faa-bdcf 1
1326
1
bce-bdcg 1
1327
2
hgc-bdch 7
cac-bdch 4
1328
2
efh-bdci 8
ci-bdci 3
1329
2
feb-bdcj 5
jjc-bdcj 6
1330
2
efh-bdda 9
bebj-bdda 2
1331
1
bbbg-bddb 1
1332
1
dee-bddc 1
1333
2
bcbf-bddd 7
daa-bddd 4
1334
2
bid-bdde 2
jif-bdde 9
1335
3
bbcc-bddf 6
gig-bddf 1
bbbg-bddf 4
1336
2
badj-bddg 1
dja-bddg 1
1337
2
ci-bddh 1
bffa-bddh 1
1338
1
fjg-bddi 1
1339
3
bbbe-bddj 6
bj-bddj 1
bcaf-bddj 5
1340
1
dc-bdea 1
1341
2
jaf-bdeb 4
bdif-bdeb 7
1342
4
bfeg-bdec 1
bfaf-bdec 10
ida-bdec 1
cca-bdec 1
1343
2
befd-bded 10
bbbi-bded 1
1344
3
bcie-bdee 3
gii-bdee 7
cgc-bdee 1
1345
2
bbeg-bdef 2
hbe-bdef 9
1346
3
bgfb-bdeg 4
hdh-bdeg 4
iai-bdeg 2
1347
2
ecj-bdeh 3
cfc-bdeh 8
1348
1
bccd-bdei 1
1349
2
jag-bdej 6
bfaa-bdej 5
1350
3
hdb-bdfa 6
jjf-bdfa 1
bje-bdfa 4
1351
2
icf-bdfb 1
ijg-bdfb 10
1352
2
bcea-bdfc 1
hdc-bdfc 1
1353
2
efb-bdfd 2
bec-bdfd 9
1354
2
bfeg-bdfe 4
gdf-bdfe 7
1355
1
jga-bdff 1
1356
2
bib-bdfg 1
bdic-bdfg 10
1357
2
bacc-bdfh 8
bege-bdfh 3
1358
2
becc-bdfi 10
jcf-bdfi 1
1359
3
bbjf-bdfj 3
cdf-bdfj 1
hae-bdfj 8
1360
4
ehh-bdga 2
begc-bdga 1
bafa-bdga 3
ihf-bdga 6
1361
3
bead-bdgb 10
fca-bdgb 1
hig-bdgb 1
1362
2
bcbd-bdgc 1
eba-bdgc 10
1363
2
gbc-bdgd 10
gga-bdgd 1
1364
1
baej-bdge 1
1365
3
bfbe-bdgf 9
gdb-bdgf 1
fcc-bdgf 2
1366
1
fbh-bdgg 1
1367
2
eea-bdgh 4
ghj-bdgh 7
1368
2
bdjb-bdgi 5
bdj-bdgi 6
1369
2
hhh-bdgj 2
bgdi-bdgj 8
1370
3
gfj-bdha 2
daj-bdha 3
behi-bdha 7
1371
2
hbh-bdhb 10
haf-bdhb 1
1372
2
jei-bdhc 1
bahg-bdhc 10
1373
2
bcbg-bdhd 8
bae-bdhd 3
1374
4
jjj-bdhe 2
bagb-bdhe 9
baia-bdhe 1
ecc-bdhe 1
1375
2
bcdh-bdhf 1
bfae-bdhf 10
1376
1
efd-bdhg 1
1377
2
eii-bdhh 1
bdfd-bdhh 1
1378
3
ccf-bdhi 9
hb-bdhi 1
ihe-bdhi 1
1379
1
iah-bdhj 1
1380
2
bgff-bdia 4
jgg-bdia 7
1381
1
bcfi-bdib 1
1382
1
hhg-bdic 1
1383
1
beh-bdid 1
1384
1
igc-bdie 1
1385
2
f-bdif 4
fgc-bdif 7
1386
2
bdge-bdig 10
bajc-bdig 1
1387
2
gee-bdih 1
ijf-bdih 1
1388
2
fbg-bdii 1
cch-bdii 10
1389
1
fbg-bdij 1
1390
2
bbhb-bdja 10
bdeb-bdja 1
1391
1
bchd-bdjb 1
1392
2
bfbb-bdjc 7
ifh-bdjc 4
1393
1
eca-bdjd 1
1394
3
cge-bdje 1
bacj-bdje 9
bbjb-bdje 1
1395
1
jig-bdjf 1
1396
1
bdef-bdjg 1
1397
2
bfdf-bdjh 9
baj-bdjh 2
1398
2
egb-bdji 10
bej-bdji 1
1399
2
cb-bdjj 1
bccf-bdjj 10
1400
2
bcfj-beaa 6
eeb-beaa 5
1401
2
bdde-beab 6
baai-beab 5
1402
3
jja-beac 1
cej-beac 1
cje-beac 1
1403
2
bib-bead 9
bafg-bead 2
1404
1
bdch-beae 1
1405
1
geb-beaf 1
1406
1
cci-beag 1
1407
3
bche-beah 2
jie-beah 1
bgfc-beah 8
1408
1
ida-beai 1
1409
2
bcea-beaj 1
dea-beaj 10
1410
3
bbcb-beba 3
bfg-beba 1
bbf-beba 7
1411
1
bgf-bebb 1
1412
1
bbah-bebc 1
1413
2
babc-bebd 1
bejj-bebd 10
1414
1
bccd-bebe 1
1415
2
bbfj-bebf 10
ghb-bebf 1
1416
2
idj-bebg 1
bbbc-bebg 1
1417
2
dag-bebh 5
bbgc-bebh 5
1418
1
fad-bebi 1
1419
1
bbec-bebj 1
1420
2
jjf-beca 7
ddg-beca 4
1421
3
jed-becb 1
bfbj-becb 9
bcg-becb 2
1422
2
haf-becc 9
bcc-becc 2
1423
2
bbii-becd 7
fba-becd 4
1424
1
fii-bece 1
1425
2
hce-becf 8
fed-becf 2
1426
1
bagi-becg 1
1427
1
dfj-bech 1
1428
1
bbgj-beci 1
1429
2
hec-becj 10
bdbi-becj 1
1430
3
bfhh-beda 6
cbd-beda 5
bc-beda 1
1431
1
bebd-bedb 1
1432
2
baic-bedc 2
bfaj-bedc 9
1433
1
ceg-bedd 1
1434
2
hf-bede 1
bbda-bede 10
1435
2
ebh-bedf 10
djf-bedf 1
1436
2
gfg-bedg 1
jbg-bedg 10
1437
2
bgai-bedh 6
baha-bedh 5
1438
2
iib-bedi 10
bfba-bedi 1
1439
1
igd-bedj 1
1440
1
eii-beea 1
1441
2
hcf-beeb 9
bbee-beeb 2
1442
1
jba-beec 1
1443
3
dgj-beed 1
bfih-beed 4
becd-beed 7
1444
2
eff-beee 9
hhc-beee 2
1445
2
icf-beef 10
hhf-beef 1
1446
3
befc-beeg 1
he-beeg 4
bdeb-beeg 7
1447
1
bdgc-beeh 1
1448
1
bdcg-beei 1
1449
2
cge-beej 1
bfcc-beej 1
1450
2
ebe-befa 2
cbc-befa 9
1451
1
babd-befb 1
1452
1
bchf-befc 1
1453
3
iia-befd 7
dci-befd 3
chj-befd 1
1454
1
fif-befe 1
1455
2
fid-beff 10
hc-beff 1
1456
1
bah-befg 1
1457
1
heh-befh 1
1458
1
bahf-befi 1
1459
1
bdgc-befj 1
1460
1
gca-bega 1
1461
1
iie-begb 1
1462
2
ghf-begc 5
bgad-begc 6
1463
1
bdgi-begd 1
1464
2
babb-bege 7
bdci-bege 4
1465
1
dfc-begf 1
1466
2
ifb-begg 8
bfai-begg 2
1467
1
eac-begh 1
1468
1
cff-begi 1
1469
2
eef-begj 1
bbfb-begj 10
1470
3
hcj-beha 8
cji-beha 2
bebd-beha 1
1471
2
bfdh-behb 1
eeh-behb 1
1472
1
ifa-behc 1
1473
1
eda-behd 1
1474
3
baja-behe 2
ihd-behe 2
bgaa-behe 7
1475
1
hdf-behf 1
1476
1
iei-behg 1
1477
1
bcgg-behh 1
1478
2
bgde-behi 9
bjh-behi 2
1479
3
ihb-behj 2
dbd-behj 5
dcd-behj 4
1480
1
ffd-beia 1
1481
1
bdaj-beib 1
1482
3
dg-beic 8
ec-beic 1
bbb-beic 1
1483
2
iai-beid 8
bdje-beid 3
1484
1
cgc-beie 1
1485
3
hfb-beif 1
cii-beif 1
gab-beif 10
1486
2
baf-beig 4
bedd-beig 7
1487
2
ijd-beih 9
dcc-beih 2
1488
1
cbe-beii 1
1489
2
bah-beij 10
che-beij 1
1490
1
cid-beja 1
1491
1
bace-bejb 1
1492
1
bbhj-bejc 1
1493
1
badc-bejd 1
1494
1
baag-beje 1
1495
1
jhi-bejf 1
1496
2
cha-bejg 2
bcag-bejg 9
1497
1
bdaa-bejh 1
1498
2
ifa-beji 3
dcf-beji 7
1499
1
cdg-bejj 1
1500
2
bhf-bfaa 4
ccd-bfaa 7
1501
1
fbi-bfab 1
1502
1
gfc-bfac 1
1503
1
jhc-bfad 1
1504
3
ecc-bfae 5
bfah-bfae 5
bai-bfae 1
1505
2
hbb-bfaf 1
bedh-bfaf 10
1506
2
bdad-bfag 1
jai-bfag 10
1507
1
jbf-bfah 1
1508
1
bcaj-bfai 1
1509
1
bcjd-bfaj 1
1510
1
bdgg-bfba 1
1511
1
hda-bfbb 1
1512
1
ijd-bfbc 1
1513
3
dcg-bfbd 4
fia-bfbd 6
bbjd-bfbd 1
1514
1
behh-bfbe 1
1515
2
efe-bfbf 7
bdga-bfbf 4
1516
1
hih-bfbg 1
1517
1
f-bfbh 1
1518
1
jjc-bfbi 1
1519
1
beif-bfbj 1
1520
1
ghc-bfca 1
1521
3
bbba-bfcb 3
gfa-bfcb 1
gaj-bfcb 8
1522
1
gga-bfcc 1
1523
3
bcdc-bfcd 5
bdbj-bfcd 6
ggc-bfcd 1
1524
1
jh-bfce 1
1525
1
bca-bfcf 1
1526
3
bgdj-bfcg 3
bfgg-bfcg 1
cjc-bfcg 7
1527
1
bafe-bfch 1
1528
1
fjb-bfci 1
1529
2
gh-bfcj 5
dif-bfcj 6
1530
2
bgce-bfda 1
baai-bfda 10
1531
1
iih-bfdb 1
1532
1
bfbc-bfdc 1
1533
1
bcgh-bfdd 1
1534
1
jgf-bfde 1
1535
1
ddf-bfdf 1
1536
1
bdfi-bfdg 1
1537
1
bdec-bfdh 1
1538
2
ihc-bfdi 2
fgc-bfdi 9
1539
2
bddd-bfdj 9
dgg-bfdj 2
1540
1
jdg-bfea 1
1541
1
ggf-bfeb 1
1542
2
edg-bfec 5
bdge-bfec 5
1543
2
iea-bfed 5
iia-bfed 6
1544
2
dae-bfee 5
fhi-bfee 6
1545
4
bgaf-bfef 1
faa-bfef 2
bgda-bfef 1
ied-bfef 7
1546
1
dfb-bfeg 1
1547
1
fdc-bfeh 1
1548
1
cbf-bfei 1
1549
1
bdia-bfej 1
1550
1
iab-bffa 1
1551
1
bda-bffb 1
1552
1
iai-bffc 1
1553
1
egi-bffd 1
1554
1
jai-bffe 1
1555
1
becg-bfff 1
1556
1
gci-bffg 1
1557
1
ghi-bffh 1
1558
1
ed-bffi 1
1559
1
eda-bffj 1
1560
2
bfj-bfga 5
dcg-bfga 5
1561
2
beif-bfgb 10
bcfj-bfgb 1
1562
1
bdac-bfgc 1
1563
1
ihj-bfgd 1
1564
1
chj-bfge 1
1565
2
bgga-bfgf 10
eig-bfgf 1
1566
1
ec-bfgg 1
1567
1
bbie-bfgh 1
1568
3
bgee-bfgi 1
fea-bfgi 1
bgej-bfgi 9
1569
1
bdd-bfgj 1
1570
1
cga-bfha 1
1571
1
bhg-bfhb 1
1572
1
dgd-bfhc 1
1573
1
bdgb-bfhd 1
1574
1
bfi-bfhe 1
1575
2
ded-bfhf 1
jjj-bfhf 10
1576
2
bfhi-bfhg 9
ibi-bfhg 2
1577
1
ibh-bfhh 1
1578
1
ice-bfhi 1
1579
2
gih-bfhj 3
bejj-bfhj 8
1580
1
df-bfia 1
1581
1
bdca-bfib 1
1582
2
bgfg-bfic 5
igc-bfic 6
1583
1
hfa-bfid 1
1584
1
ceh-bfie 1
1585
2
dfi-bfif 10
caa-bfif 1
1586
1
bceb-bfig 1
1587
1
cif-bfih 1
1588
2
edc-bfii 3
hjg-bfii 8
1589
1
gih-bfij 1
1590
1
bie-bfja 1
1591
1
icj-bfjb 1
1592
1
bej-bfjc 1
1593
1
bajd-bfjd 1
1594
1
bfba-bfje 1
1595
1
cdg-bfjf 1
1596
1
bdej-bfjg 1
1597
1
bcga-bfjh 1
1598
1
bebd-bfji 1
1599
1
hhg-bfjj 1
1600
1
bcdd-bgaa 1
1601
1
fga-bgab 1
1602
1
babg-bgac 1
1603
1
bdba-bgad 1
1604
1
bajd-bgae 1
1605
1
beab-bgaf 1
1606
1
bed-bgag 1
1607
1
bdhi-bgah 1
1608
1
baji-bgai 1
1609
1
egb-bgaj 1
1610
1
ddd-bgba 1
1611
1
dib-bgbb 1
1612
1
bba-bgbc 1
1613
2
bfb-bgbd 3
bfje-bgbd 8
1614
1
bfhe-bgbe 1
1615
1
bbfa-bgbf 1
1616
1
dff-bgbg 1
1617
2
bgfh-bgbh 8
ece-bgbh 3
1618
1
bfjc-bgbi 1
1619
1
cbj-bgbj 1
1620
1
hjh-bgca 1
1621
1
icd-bgcb 1
1622
2
bdbe-bgcc 1
dga-bgcc 10
1623
1
djf-bgcd 1
1624
1
bacd-bgce 1
1625
1
cib-bgcf 1
1626
1
cba-bgcg 1
1627
1
cga-bgch 1
1628
2
hje-bgci 9
bda-bgci 2
1629
1
beeg-bgcj 1
1630
1
bcai-bgda 1
1631
1
jdd-bgdb 1
1632
1
gbb-bgdc 1
1633
3
bhf-bgdd 1
ede-bgdd 10
bffd-bgdd 1
1634
1
beic-bgde 1
1635
1
bbia-bgdf 1
1636
1
baf-bgdg 1
1637
1
hhh-bgdh 1
1638
2
bach-bgdi 9
jdi-bgdi 2
1639
1
jdb-bgdj 1
1640
1
bcia-bgea 1
1641
1
ega-bgeb 1
1642
2
bacg-bgec 4
djd-bgec 7
1643
1
behi-bged 1
1644
1
hjf-bgee 1
1645
1
fed-bgef 1
1646
1
baca-bgeg 1
1647
1
bece-bgeh 1
1648
1
bgca-bgei 1
1649
1
jej-bgej 1
1650
1
bddj-bgfa 1
1651
1
bhh-bgfb 1
1652
1
bfjg-bgfc 1
1653
2
gif-bgfd 10
ddb-bgfd 1
1654
1
bfcf-bgfe 1
1655
1
bcgh-bgff 1
1656
1
bce-bgfg 1
1657
1
bgbi-bgfh 1
1658
1
bie-bgfi 1
1659
1
eef-bgfj 1
1660
1
bdhi-bgga 1
1661
1
bdhg-bggb 1
